Using pre-set license
Built from '2020.3/staging' branch; Version is '2020.3.19f1 (68f137dc9bbe) revision 6877495'; Using compiler version '192528614'; Build Type 'Release'
OS: 'Windows 10 Pro; OS build 19041.1288; Version 2004; 64bit' Language: 'es' Physical Memory: 16342 MB
BatchMode: 1, IsHumanControllingUs: 0, StartBugReporterOnCrash: 0, Is64bit: 1, IsPro: 0

COMMAND LINE ARGUMENTS:
C:\Program Files\Unity\Hub\Editor\2020.3.19f1\Editor\Unity.exe
-adb2
-batchMode
-noUpm
-name
AssetImportWorker0
-projectPath
D:/Alejandrodiazlopez/Alejandro-Diaz-tema2/prueba de exteriores
-logFile
Logs/AssetImportWorker0.log
-srvPort
56808
Successfully changed project path to: D:/Alejandrodiazlopez/Alejandro-Diaz-tema2/prueba de exteriores
D:/Alejandrodiazlopez/Alejandro-Diaz-tema2/prueba de exteriores
Using Asset Import Pipeline V2.
Refreshing native plugins compatible for Editor in 59.66 ms, found 2 plugins.
Preloading 0 native plugins for Editor in 0.00 ms.
Initialize engine version: 2020.3.19f1 (68f137dc9bbe)
[Subsystems] Discovering subsystems at path C:/Program Files/Unity/Hub/Editor/2020.3.19f1/Editor/Data/Resources/UnitySubsystems
[Subsystems] Discovering subsystems at path D:/Alejandrodiazlopez/Alejandro-Diaz-tema2/prueba de exteriores/Assets
GfxDevice: creating device client; threaded=0
Direct3D:
    Version:  Direct3D 11.0 [level 11.1]
    Renderer: NVIDIA GeForce GTX 1050 Ti (ID=0x1c82)
    Vendor:   
    VRAM:     4018 MB
    Driver:   27.21.14.5671
Initialize mono
Mono path[0] = 'C:/Program Files/Unity/Hub/Editor/2020.3.19f1/Editor/Data/Managed'
Mono path[1] = 'C:/Program Files/Unity/Hub/Editor/2020.3.19f1/Editor/Data/MonoBleedingEdge/lib/mono/unityjit'
Mono config path = 'C:/Program Files/Unity/Hub/Editor/2020.3.19f1/Editor/Data/MonoBleedingEdge/etc'
Using monoOptions --debugger-agent=transport=dt_socket,embedding=1,server=y,suspend=n,address=127.0.0.1:56992
Begin MonoManager ReloadAssembly
Registering precompiled unity dll's ...
Register platform support module: C:/Program Files/Unity/Hub/Editor/2020.3.19f1/Editor/Data/PlaybackEngines/WindowsStandaloneSupport/UnityEditor.WindowsStandalone.Extensions.dll
Registered in 0.002148 seconds.
Native extension for WindowsStandalone target not found
Refreshing native plugins compatible for Editor in 58.40 ms, found 2 plugins.
Preloading 0 native plugins for Editor in 0.00 ms.
Mono: successfully reloaded assembly
- Completed reload, in  1.540 seconds
Domain Reload Profiling:
	ReloadAssembly (1540ms)
		BeginReloadAssembly (63ms)
			ExecutionOrderSort (0ms)
			DisableScriptedObjects (0ms)
			BackupInstance (0ms)
			ReleaseScriptingObjects (0ms)
			CreateAndSetChildDomain (1ms)
		EndReloadAssembly (802ms)
			LoadAssemblies (61ms)
			RebuildTransferFunctionScriptingTraits (0ms)
			SetupTypeCache (181ms)
			ReleaseScriptCaches (0ms)
			RebuildScriptCaches (40ms)
			SetupLoadedEditorAssemblies (497ms)
				LogAssemblyErrors (0ms)
				InitializePlatformSupportModulesInManaged (4ms)
				SetLoadedEditorAssemblies (0ms)
				RefreshPlugins (58ms)
				BeforeProcessingInitializeOnLoad (162ms)
				ProcessInitializeOnLoadAttributes (240ms)
				ProcessInitializeOnLoadMethodAttributes (33ms)
				AfterProcessingInitializeOnLoad (0ms)
				EditorAssembliesLoaded (0ms)
			ExecutionOrderSort2 (0ms)
			AwakeInstancesAfterBackupRestoration (0ms)
Platform modules already initialized, skipping
Registering precompiled user dll's ...
Registered in 0.002667 seconds.
Begin MonoManager ReloadAssembly
Native extension for WindowsStandalone target not found
Refreshing native plugins compatible for Editor in 54.85 ms, found 2 plugins.
Preloading 0 native plugins for Editor in 0.00 ms.
Mono: successfully reloaded assembly
- Completed reload, in  1.236 seconds
Domain Reload Profiling:
	ReloadAssembly (1237ms)
		BeginReloadAssembly (160ms)
			ExecutionOrderSort (0ms)
			DisableScriptedObjects (5ms)
			BackupInstance (0ms)
			ReleaseScriptingObjects (0ms)
			CreateAndSetChildDomain (20ms)
		EndReloadAssembly (1008ms)
			LoadAssemblies (97ms)
			RebuildTransferFunctionScriptingTraits (0ms)
			SetupTypeCache (346ms)
			ReleaseScriptCaches (1ms)
			RebuildScriptCaches (54ms)
			SetupLoadedEditorAssemblies (373ms)
				LogAssemblyErrors (0ms)
				InitializePlatformSupportModulesInManaged (4ms)
				SetLoadedEditorAssemblies (0ms)
				RefreshPlugins (55ms)
				BeforeProcessingInitializeOnLoad (78ms)
				ProcessInitializeOnLoadAttributes (224ms)
				ProcessInitializeOnLoadMethodAttributes (5ms)
				AfterProcessingInitializeOnLoad (7ms)
				EditorAssembliesLoaded (0ms)
			ExecutionOrderSort2 (0ms)
			AwakeInstancesAfterBackupRestoration (8ms)
Platform modules already initialized, skipping
========================================================================
Worker process is ready to serve import requests
Launched and connected shader compiler UnityShaderCompiler.exe after 0.05 seconds
Refreshing native plugins compatible for Editor in 0.51 ms, found 2 plugins.
Preloading 0 native plugins for Editor in 0.00 ms.
Unloading 2705 Unused Serialized files (Serialized files now loaded: 0)
System memory in use before: 123.4 MB.
System memory in use after: 123.6 MB.

Unloading 17 unused Assets to reduce memory usage. Loaded Objects now: 3138.
Total: 3.920000 ms (FindLiveObjects: 0.277500 ms CreateObjectMapping: 0.165700 ms MarkObjects: 3.378100 ms  DeleteObjects: 0.097300 ms)

AssetImportParameters requested are different than current active one (requested -> active):
  custom:framework-win-MediaFoundation: 216162199b28c13a410421893ffa2e32 -> 
  custom:video-decoder-ogg-theora: a1e56fd34408186e4bbccfd4996cb3dc -> 
  custom:container-muxer-webm: aa71ff27fc2769a1b78a27578f13a17b -> 
  custom:container-demuxer-webm: 4f35f7cbe854078d1ac9338744f61a02 -> 
  custom:container-demuxer-ogg: 62fdf1f143b41e24485cea50d1cbac27 -> 
  custom:video-encoder-webm-vp8: eb34c28f22e8b96e1ab97ce403110664 -> 
  custom:video-decoder-webm-vp8: 9c59270c3fd7afecdb556c50c9e8de78 -> 
  custom:audio-decoder-ogg-vorbis: bf7c407c2cedff20999df2af8eb42d56 -> 
  custom:audio-encoder-webm-vorbis: bf7c407c2cedff20999df2af8eb42d56 -> 
========================================================================
Received Import Request.
  path: Assets/Readme.asset
  artifactKey: Guid(83c2ed844a8c74b779a4c823d16594b1) Importer(815301076,1909f56bfc062723c751e8b465ee728b)
Start importing Assets/Readme.asset using Guid(83c2ed844a8c74b779a4c823d16594b1) Importer(815301076,1909f56bfc062723c751e8b465ee728b)  -> (artifact id: '8ffd2c44ffeb50c574abb5d0c4453328') in 0.037420 seconds 
  Import took 0.041894 seconds .

========================================================================
Received Import Request.
  Time since last request: 86.003510 seconds.
  path: Assets/Settings/UniversalRP-HighQuality.asset
  artifactKey: Guid(19ba41d7c0026c3459d37c2fe90c55a0) Importer(815301076,1909f56bfc062723c751e8b465ee728b)
Start importing Assets/Settings/UniversalRP-HighQuality.asset using Guid(19ba41d7c0026c3459d37c2fe90c55a0) Importer(815301076,1909f56bfc062723c751e8b465ee728b)  -> (artifact id: '02e18c1f933b70f494440bf5e7626866') in 0.001821 seconds 
  Import took 0.006967 seconds .

========================================================================
Received Import Request.
  Time since last request: 0.000102 seconds.
  path: Assets/Settings/UniversalRP-LowQuality.asset
  artifactKey: Guid(a31e9f9f9c9d4b9429ed0d1234e22103) Importer(815301076,1909f56bfc062723c751e8b465ee728b)
Start importing Assets/Settings/UniversalRP-LowQuality.asset using Guid(a31e9f9f9c9d4b9429ed0d1234e22103) Importer(815301076,1909f56bfc062723c751e8b465ee728b)  -> (artifact id: 'b226a0bb157262eadf686f6bb5b5f1f8') in 0.001697 seconds 
  Import took 0.007650 seconds .

========================================================================
Received Import Request.
  Time since last request: 0.000304 seconds.
  path: Assets/Settings/UniversalRP-MediumQuality.asset
  artifactKey: Guid(d847b876476d3d6468f5dfcd34266f96) Importer(815301076,1909f56bfc062723c751e8b465ee728b)
Start importing Assets/Settings/UniversalRP-MediumQuality.asset using Guid(d847b876476d3d6468f5dfcd34266f96) Importer(815301076,1909f56bfc062723c751e8b465ee728b)  -> (artifact id: 'd421f548a6507a11f25ec3578746e9c1') in 0.001581 seconds 
  Import took 0.006645 seconds .

========================================================================
Received Prepare
Registering precompiled user dll's ...
Registered in 0.003041 seconds.
Begin MonoManager ReloadAssembly
Native extension for WindowsStandalone target not found
Refreshing native plugins compatible for Editor in 0.50 ms, found 2 plugins.
Preloading 0 native plugins for Editor in 0.00 ms.
Mono: successfully reloaded assembly
- Completed reload, in  1.069 seconds
Domain Reload Profiling:
	ReloadAssembly (1070ms)
		BeginReloadAssembly (124ms)
			ExecutionOrderSort (0ms)
			DisableScriptedObjects (5ms)
			BackupInstance (0ms)
			ReleaseScriptingObjects (0ms)
			CreateAndSetChildDomain (38ms)
		EndReloadAssembly (878ms)
			LoadAssemblies (94ms)
			RebuildTransferFunctionScriptingTraits (0ms)
			SetupTypeCache (325ms)
			ReleaseScriptCaches (1ms)
			RebuildScriptCaches (44ms)
			SetupLoadedEditorAssemblies (297ms)
				LogAssemblyErrors (0ms)
				InitializePlatformSupportModulesInManaged (4ms)
				SetLoadedEditorAssemblies (0ms)
				RefreshPlugins (1ms)
				BeforeProcessingInitializeOnLoad (63ms)
				ProcessInitializeOnLoadAttributes (218ms)
				ProcessInitializeOnLoadMethodAttributes (4ms)
				AfterProcessingInitializeOnLoad (6ms)
				EditorAssembliesLoaded (0ms)
			ExecutionOrderSort2 (0ms)
			AwakeInstancesAfterBackupRestoration (10ms)
Platform modules already initialized, skipping
Switching render pipeline 19ba41d7c0026c3459d37c2fe90c55a0 -> a31e9f9f9c9d4b9429ed0d1234e22103
Refreshing native plugins compatible for Editor in 0.51 ms, found 2 plugins.
Preloading 0 native plugins for Editor in 0.00 ms.
Unloading 2597 Unused Serialized files (Serialized files now loaded: 0)
System memory in use before: 116.2 MB.
System memory in use after: 116.4 MB.

Unloading 12 unused Assets to reduce memory usage. Loaded Objects now: 3142.
Total: 3.453600 ms (FindLiveObjects: 0.248900 ms CreateObjectMapping: 0.137700 ms MarkObjects: 3.012400 ms  DeleteObjects: 0.053300 ms)

AssetImportParameters requested are different than current active one (requested -> active):
  custom:framework-win-MediaFoundation: 216162199b28c13a410421893ffa2e32 -> 
  custom:video-decoder-ogg-theora: a1e56fd34408186e4bbccfd4996cb3dc -> 
  custom:container-muxer-webm: aa71ff27fc2769a1b78a27578f13a17b -> 
  custom:container-demuxer-webm: 4f35f7cbe854078d1ac9338744f61a02 -> 
  custom:container-demuxer-ogg: 62fdf1f143b41e24485cea50d1cbac27 -> 
  custom:video-encoder-webm-vp8: eb34c28f22e8b96e1ab97ce403110664 -> 
  custom:video-decoder-webm-vp8: 9c59270c3fd7afecdb556c50c9e8de78 -> 
  custom:audio-decoder-ogg-vorbis: bf7c407c2cedff20999df2af8eb42d56 -> 
  custom:audio-encoder-webm-vorbis: bf7c407c2cedff20999df2af8eb42d56 -> 
========================================================================
Received Import Request.
  Time since last request: 936.036139 seconds.
  path: Assets/Scripts
  artifactKey: Guid(02a3527b6b33a924e8ec66aa805ea717) Importer(815301076,1909f56bfc062723c751e8b465ee728b)
Start importing Assets/Scripts using Guid(02a3527b6b33a924e8ec66aa805ea717) Importer(815301076,1909f56bfc062723c751e8b465ee728b)  -> (artifact id: 'f0a913a0049096cde5d6a727232f232f') in 0.006116 seconds 
  Import took 0.011026 seconds .

========================================================================
Received Import Request.
  Time since last request: 3.493277 seconds.
  path: Assets
  artifactKey: Guid(00000000000000001000000000000000) Importer(815301076,1909f56bfc062723c751e8b465ee728b)
Start importing Assets using Guid(00000000000000001000000000000000) Importer(815301076,1909f56bfc062723c751e8b465ee728b)  -> (artifact id: '42d402b061de3733987d63b9cc3b64de') in 0.002827 seconds 
  Import took 0.007699 seconds .

========================================================================
Received Import Request.
  Time since last request: 13.816123 seconds.
  path: Assets/prefab.prefab
  artifactKey: Guid(9994be3f71f03b3469a6f78e035b79d8) Importer(815301076,1909f56bfc062723c751e8b465ee728b)
Start importing Assets/prefab.prefab using Guid(9994be3f71f03b3469a6f78e035b79d8) Importer(815301076,1909f56bfc062723c751e8b465ee728b)  -> (artifact id: '04f2b4670803e5f979793e1b109b94c7') in 0.036179 seconds 
  Import took 0.041239 seconds .

========================================================================
Received Import Request.
  Time since last request: 8.833406 seconds.
  path: Assets/prefab.prefab
  artifactKey: Guid(9994be3f71f03b3469a6f78e035b79d8) Importer(815301076,1909f56bfc062723c751e8b465ee728b)
Start importing Assets/prefab.prefab using Guid(9994be3f71f03b3469a6f78e035b79d8) Importer(815301076,1909f56bfc062723c751e8b465ee728b)  -> (artifact id: '51d21cb5a669bffe0c8d6c6bca8a3a9d') in 0.008967 seconds 
  Import took 0.013963 seconds .

========================================================================
Received Import Request.
  Time since last request: 9.081789 seconds.
  path: Assets/Scenes
  artifactKey: Guid(4e17648d3dd275346a845e61c9a46ac0) Importer(815301076,1909f56bfc062723c751e8b465ee728b)
Start importing Assets/Scenes using Guid(4e17648d3dd275346a845e61c9a46ac0) Importer(815301076,1909f56bfc062723c751e8b465ee728b)  -> (artifact id: 'b4dd329558debf678999b867f190af9b') in 0.003519 seconds 
  Import took 0.008721 seconds .

========================================================================
Received Import Request.
  Time since last request: 8.851307 seconds.
  path: Assets/Scenes/exterior.unity
  artifactKey: Guid(f83fb46a401f7584c8bbb82534e86436) Importer(815301076,1909f56bfc062723c751e8b465ee728b)
Start importing Assets/Scenes/exterior.unity using Guid(f83fb46a401f7584c8bbb82534e86436) Importer(815301076,1909f56bfc062723c751e8b465ee728b)  -> (artifact id: 'ea18f908ab5984f19b424fd4b20f9668') in 0.004266 seconds 
  Import took 0.009567 seconds .

========================================================================
Received Import Request.
  Time since last request: 51.528017 seconds.
  path: Assets/camera.prefab
  artifactKey: Guid(9994be3f71f03b3469a6f78e035b79d8) Importer(815301076,1909f56bfc062723c751e8b465ee728b)
Start importing Assets/camera.prefab using Guid(9994be3f71f03b3469a6f78e035b79d8) Importer(815301076,1909f56bfc062723c751e8b465ee728b)  -> (artifact id: 'd12f5a1e736a67aa2cd31d4057cda3c9') in 0.004294 seconds 
  Import took 0.009200 seconds .

========================================================================
Received Import Request.
  Time since last request: 9.130601 seconds.
  path: Assets/prefabs
  artifactKey: Guid(7e89540c43cc65e4f8640fe8e4136aad) Importer(815301076,1909f56bfc062723c751e8b465ee728b)
Start importing Assets/prefabs using Guid(7e89540c43cc65e4f8640fe8e4136aad) Importer(815301076,1909f56bfc062723c751e8b465ee728b)  -> (artifact id: '2b44c2554890a9acf2a4aa8370affd60') in 0.004009 seconds 
  Import took 0.008493 seconds .

========================================================================
Received Import Request.
  Time since last request: 9.576253 seconds.
  path: Assets/New Terrain.asset
  artifactKey: Guid(e9be49f9a5ace204d819a6467eac62de) Importer(815301076,1909f56bfc062723c751e8b465ee728b)
Start importing Assets/New Terrain.asset using Guid(e9be49f9a5ace204d819a6467eac62de) Importer(815301076,1909f56bfc062723c751e8b465ee728b)  -> (artifact id: '4fea39aaedf9adfe9b777c671ae8b6ad') in 0.074535 seconds 
  Import took 0.093145 seconds .

========================================================================
Received Import Request.
  Time since last request: 105.635754 seconds.
  path: Assets/Readme.asset
  artifactKey: Guid(83c2ed844a8c74b779a4c823d16594b1) Importer(815301076,1909f56bfc062723c751e8b465ee728b)
Start importing Assets/Readme.asset using Guid(83c2ed844a8c74b779a4c823d16594b1) Importer(815301076,1909f56bfc062723c751e8b465ee728b)  -> (artifact id: '7c2b2e17bc45235e94d920e815c0d6fe') in 0.004075 seconds 
  Import took 0.009239 seconds .

========================================================================
Received Import Request.
  Time since last request: 279.614239 seconds.
  path: Assets/TerrainData_f9b272f9-488d-411b-b1f0-c3566e629c22.asset
  artifactKey: Guid(891c70a026abc864da935eef52b1ea92) Importer(815301076,1909f56bfc062723c751e8b465ee728b)
Start importing Assets/TerrainData_f9b272f9-488d-411b-b1f0-c3566e629c22.asset using Guid(891c70a026abc864da935eef52b1ea92) Importer(815301076,1909f56bfc062723c751e8b465ee728b)  -> (artifact id: '2c130ec371319510440bd1421cbf7f54') in 0.007654 seconds 
  Import took 0.012857 seconds .

========================================================================
Received Import Request.
  Time since last request: 2.799457 seconds.
  path: Assets/TerrainData_0851a7e8-c3e0-45ce-8e1f-948bd04d4899.asset
  artifactKey: Guid(0e315eb4c55dc7640b3a95f30a9f3050) Importer(815301076,1909f56bfc062723c751e8b465ee728b)
Start importing Assets/TerrainData_0851a7e8-c3e0-45ce-8e1f-948bd04d4899.asset using Guid(0e315eb4c55dc7640b3a95f30a9f3050) Importer(815301076,1909f56bfc062723c751e8b465ee728b)  -> (artifact id: 'f075f844c16e16fa283c038810aa950c') in 0.007541 seconds 
  Import took 0.012319 seconds .

========================================================================
Received Import Request.
  Time since last request: 0.571558 seconds.
  path: Assets/TerrainData_ab4c4b5b-6c15-4263-b900-e689792632eb.asset
  artifactKey: Guid(194b531d069c388499fc797249df9239) Importer(815301076,1909f56bfc062723c751e8b465ee728b)
Start importing Assets/TerrainData_ab4c4b5b-6c15-4263-b900-e689792632eb.asset using Guid(194b531d069c388499fc797249df9239) Importer(815301076,1909f56bfc062723c751e8b465ee728b)  -> (artifact id: '934cec6be9c2cc81b7117ac4268f700a') in 0.008439 seconds 
  Import took 0.014257 seconds .

========================================================================
Received Import Request.
  Time since last request: 146.903155 seconds.
  path: Assets/TerrainData_5ab40adf-45b6-4d26-99b7-d600d39be8da.asset
  artifactKey: Guid(3ef78293ca756e14fb5362a7d14ded4a) Importer(815301076,1909f56bfc062723c751e8b465ee728b)
Start importing Assets/TerrainData_5ab40adf-45b6-4d26-99b7-d600d39be8da.asset using Guid(3ef78293ca756e14fb5362a7d14ded4a) Importer(815301076,1909f56bfc062723c751e8b465ee728b)  -> (artifact id: '40ab1172190b4ff0f4908ce4ae4956b7') in 0.051817 seconds 
  Import took 0.085912 seconds .

========================================================================
Received Import Request.
  Time since last request: 0.000080 seconds.
  path: Assets/TerrainData_34e10ba3-43da-4bf0-b256-34963d8e6b03.asset
  artifactKey: Guid(9c1a1e24db33f194a873f59336d9c782) Importer(815301076,1909f56bfc062723c751e8b465ee728b)
Start importing Assets/TerrainData_34e10ba3-43da-4bf0-b256-34963d8e6b03.asset using Guid(9c1a1e24db33f194a873f59336d9c782) Importer(815301076,1909f56bfc062723c751e8b465ee728b)  -> (artifact id: 'a60d9936b6151987d620b865dbbc431f') in 0.029773 seconds 
  Import took 0.042718 seconds .

========================================================================
Received Import Request.
  Time since last request: 23.283552 seconds.
  path: Assets/New Terrain.asset
  artifactKey: Guid(e9be49f9a5ace204d819a6467eac62de) Importer(815301076,1909f56bfc062723c751e8b465ee728b)
Start importing Assets/New Terrain.asset using Guid(e9be49f9a5ace204d819a6467eac62de) Importer(815301076,1909f56bfc062723c751e8b465ee728b)  -> (artifact id: '21ed6d7d4fd12c6a46310af11959d834') in 0.007952 seconds 
  Import took 0.013215 seconds .

========================================================================
Received Import Request.
  Time since last request: 8.735825 seconds.
  path: Assets/TerrainData_e7fbb85e-74a6-4956-aa9b-39c7f8a8bd89.asset
  artifactKey: Guid(f0921cdcf151bcf4c9a9729c9fd28a65) Importer(815301076,1909f56bfc062723c751e8b465ee728b)
Start importing Assets/TerrainData_e7fbb85e-74a6-4956-aa9b-39c7f8a8bd89.asset using Guid(f0921cdcf151bcf4c9a9729c9fd28a65) Importer(815301076,1909f56bfc062723c751e8b465ee728b)  -> (artifact id: '46cb5e6961414e727603a9e50bf55f90') in 0.008016 seconds 
  Import took 0.013178 seconds .

========================================================================
Received Import Request.
  Time since last request: 0.425417 seconds.
  path: Assets/TerrainData_64736611-9b3c-4878-bb60-b7bf57cc392a.asset
  artifactKey: Guid(13828f793c45ba34c8cd5d668f33d69e) Importer(815301076,1909f56bfc062723c751e8b465ee728b)
Start importing Assets/TerrainData_64736611-9b3c-4878-bb60-b7bf57cc392a.asset using Guid(13828f793c45ba34c8cd5d668f33d69e) Importer(815301076,1909f56bfc062723c751e8b465ee728b)  -> (artifact id: 'd8bb0c62581ffdcaa6d143cdc1a516af') in 0.008932 seconds 
  Import took 0.013960 seconds .

========================================================================
Received Import Request.
  Time since last request: 0.315724 seconds.
  path: Assets/TerrainData_f6230846-874b-456e-93e2-4400ccbffea2.asset
  artifactKey: Guid(1a501ce5191c3bb49a6d50cb2829e3a5) Importer(815301076,1909f56bfc062723c751e8b465ee728b)
Start importing Assets/TerrainData_f6230846-874b-456e-93e2-4400ccbffea2.asset using Guid(1a501ce5191c3bb49a6d50cb2829e3a5) Importer(815301076,1909f56bfc062723c751e8b465ee728b)  -> (artifact id: '47e7640c70f9860810ae4f224267513d') in 0.008049 seconds 
  Import took 0.013042 seconds .

========================================================================
Received Import Request.
  Time since last request: 996.315952 seconds.
  path: Assets/texturas
  artifactKey: Guid(de014960e2c92af42a1a1d0f0ff459d9) Importer(815301076,1909f56bfc062723c751e8b465ee728b)
Start importing Assets/texturas using Guid(de014960e2c92af42a1a1d0f0ff459d9) Importer(815301076,1909f56bfc062723c751e8b465ee728b)  -> (artifact id: 'cd7ef4affd60b5f1eaf946b131d93914') in 0.001615 seconds 
  Import took 0.007828 seconds .

========================================================================
Received Import Request.
  Time since last request: 0.041724 seconds.
  path: Assets/texturas/grass.jpg
  artifactKey: Guid(a7476508f39b98c44bf0118ed262a3a3) Importer(815301076,1909f56bfc062723c751e8b465ee728b)
Start importing Assets/texturas/grass.jpg using Guid(a7476508f39b98c44bf0118ed262a3a3) Importer(815301076,1909f56bfc062723c751e8b465ee728b)  -> (artifact id: '5d5ae7542f53e1a810822a234aa8e73b') in 0.032636 seconds 
  Import took 0.037864 seconds .

========================================================================
Received Import Request.
  Time since last request: 0.000373 seconds.
  path: Assets/texturas/volcano.jpg
  artifactKey: Guid(cffdb9fa67085f3468c1e03fe3715bba) Importer(815301076,1909f56bfc062723c751e8b465ee728b)
Start importing Assets/texturas/volcano.jpg using Guid(cffdb9fa67085f3468c1e03fe3715bba) Importer(815301076,1909f56bfc062723c751e8b465ee728b)  -> (artifact id: 'fcd38d5fa0923c0f2723fcab679c62d9') in 0.010485 seconds 
  Import took 0.016940 seconds .

========================================================================
Received Import Request.
  Time since last request: 0.000204 seconds.
  path: Assets/texturas/ground.jpg
  artifactKey: Guid(24c8d7f7f73aaed45bd55a163f68b2bc) Importer(815301076,1909f56bfc062723c751e8b465ee728b)
Start importing Assets/texturas/ground.jpg using Guid(24c8d7f7f73aaed45bd55a163f68b2bc) Importer(815301076,1909f56bfc062723c751e8b465ee728b)  -> (artifact id: '460c70789b0cae0d501fdcffd663c8ee') in 0.010806 seconds 
  Import took 0.015612 seconds .

========================================================================
Received Import Request.
  Time since last request: 0.000295 seconds.
  path: Assets/texturas/rock.jpg
  artifactKey: Guid(cb6ecf7dfe1a8e643bcc4a7bc3b9071b) Importer(815301076,1909f56bfc062723c751e8b465ee728b)
Start importing Assets/texturas/rock.jpg using Guid(cb6ecf7dfe1a8e643bcc4a7bc3b9071b) Importer(815301076,1909f56bfc062723c751e8b465ee728b)  -> (artifact id: 'f339768443dbcde31779c466939a6d1a') in 0.009922 seconds 
  Import took 0.014952 seconds .

========================================================================
Received Import Request.
  Time since last request: 0.000288 seconds.
  path: Assets/texturas/sand.jpg
  artifactKey: Guid(40c9f12ce7b25dd4ca94cafd0e33a6d3) Importer(815301076,1909f56bfc062723c751e8b465ee728b)
Start importing Assets/texturas/sand.jpg using Guid(40c9f12ce7b25dd4ca94cafd0e33a6d3) Importer(815301076,1909f56bfc062723c751e8b465ee728b)  -> (artifact id: '4f7ae3188270434d0fde7f03e052a1f1') in 0.009752 seconds 
  Import took 0.014477 seconds .

========================================================================
Received Import Request.
  Time since last request: 520.660913 seconds.
  path: Assets/ExampleAssets/Textures/Props/Construction_Light/ConstructionLight_Albedo.tif
  artifactKey: Guid(2ec6e1532acb1254f9f3797b5d82db44) Importer(815301076,1909f56bfc062723c751e8b465ee728b)
Start importing Assets/ExampleAssets/Textures/Props/Construction_Light/ConstructionLight_Albedo.tif using Guid(2ec6e1532acb1254f9f3797b5d82db44) Importer(815301076,1909f56bfc062723c751e8b465ee728b)  -> (artifact id: '4df4b61e4e86e9f20390a55cd527a9f1') in 0.043582 seconds 
  Import took 0.049637 seconds .

========================================================================
Received Import Request.
  Time since last request: 0.000374 seconds.
  path: Assets/ExampleAssets/Textures/Props/Construction_Light/ConstructionLight_MetallicOcculusionSmoothness.tif
  artifactKey: Guid(9a81f1a59f171804e84fce76584bdcb7) Importer(815301076,1909f56bfc062723c751e8b465ee728b)
Start importing Assets/ExampleAssets/Textures/Props/Construction_Light/ConstructionLight_MetallicOcculusionSmoothness.tif using Guid(9a81f1a59f171804e84fce76584bdcb7) Importer(815301076,1909f56bfc062723c751e8b465ee728b)  -> (artifact id: '27d81d85b073b51c3efd8d4dad1d5f15') in 0.009573 seconds 
  Import took 0.015552 seconds .

========================================================================
Received Import Request.
  Time since last request: 0.000357 seconds.
  path: Assets/ExampleAssets/Textures/Plastic/Elastic_MetallicOcculusionSmoothness.tif
  artifactKey: Guid(f5df2fb0c070b57429f8ca23b216093b) Importer(815301076,1909f56bfc062723c751e8b465ee728b)
Start importing Assets/ExampleAssets/Textures/Plastic/Elastic_MetallicOcculusionSmoothness.tif using Guid(f5df2fb0c070b57429f8ca23b216093b) Importer(815301076,1909f56bfc062723c751e8b465ee728b)  -> (artifact id: 'c569efd5702b31522f20d336071121cb') in 0.023452 seconds 
  Import took 0.028972 seconds .

========================================================================
Received Import Request.
  Time since last request: 0.000170 seconds.
  path: Assets/ExampleAssets/Textures/Drywall/Drywall_AlbedoSmoothness.tif
  artifactKey: Guid(3e11968c372730442aae3b4f7c909931) Importer(815301076,1909f56bfc062723c751e8b465ee728b)
Start importing Assets/ExampleAssets/Textures/Drywall/Drywall_AlbedoSmoothness.tif using Guid(3e11968c372730442aae3b4f7c909931) Importer(815301076,1909f56bfc062723c751e8b465ee728b)  -> (artifact id: '4464805208d5f711a57d71db201067da') in 0.017822 seconds 
  Import took 0.022807 seconds .

========================================================================
Received Import Request.
  Time since last request: 0.000347 seconds.
  path: Assets/ExampleAssets/Textures/Drywall/Drywall_Normal.tif
  artifactKey: Guid(e231e4c02c48ee14aafa55f7b1a843c1) Importer(815301076,1909f56bfc062723c751e8b465ee728b)
Start importing Assets/ExampleAssets/Textures/Drywall/Drywall_Normal.tif using Guid(e231e4c02c48ee14aafa55f7b1a843c1) Importer(815301076,1909f56bfc062723c751e8b465ee728b)  -> (artifact id: '7345fbad11d7f397373437ad8b9890a6') in 0.038763 seconds 
  Import took 0.043307 seconds .

========================================================================
Received Import Request.
  Time since last request: 0.000301 seconds.
  path: Assets/ExampleAssets/Textures/Plastic/Elastic_Normal.tif
  artifactKey: Guid(db17334dfe5991a4bbe241ee9a728c38) Importer(815301076,1909f56bfc062723c751e8b465ee728b)
Start importing Assets/ExampleAssets/Textures/Plastic/Elastic_Normal.tif using Guid(db17334dfe5991a4bbe241ee9a728c38) Importer(815301076,1909f56bfc062723c751e8b465ee728b)  -> (artifact id: 'c5f8eea26c99944e57147928e8649476') in 0.008586 seconds 
  Import took 0.014231 seconds .

========================================================================
Received Import Request.
  Time since last request: 0.000269 seconds.
  path: Assets/ExampleAssets/Textures/Drywall/Drywall_Albedo.tif
  artifactKey: Guid(eae496078d11426448124eaf8b285e6b) Importer(815301076,1909f56bfc062723c751e8b465ee728b)
Start importing Assets/ExampleAssets/Textures/Drywall/Drywall_Albedo.tif using Guid(eae496078d11426448124eaf8b285e6b) Importer(815301076,1909f56bfc062723c751e8b465ee728b)  -> (artifact id: 'c31eac49647e2798ed8ca6bd27f8553c') in 0.006176 seconds 
  Import took 0.010885 seconds .

========================================================================
Received Import Request.
  Time since last request: 0.000245 seconds.
  path: Assets/ExampleAssets/Textures/Drywall/DrywallPainted_Normal.tif
  artifactKey: Guid(2cd242c9999e92b4ca96dab876cfaf13) Importer(815301076,1909f56bfc062723c751e8b465ee728b)
Start importing Assets/ExampleAssets/Textures/Drywall/DrywallPainted_Normal.tif using Guid(2cd242c9999e92b4ca96dab876cfaf13) Importer(815301076,1909f56bfc062723c751e8b465ee728b)  -> (artifact id: '87f3435917fb9114c8424922d8cae3fa') in 0.007862 seconds 
  Import took 0.013681 seconds .

========================================================================
Received Import Request.
  Time since last request: 2.756921 seconds.
  path: Assets/ExampleAssets/Textures/Concrete/Ground_Albedo.tif
  artifactKey: Guid(87ce03bd447ccce48bbff87ac0d8355f) Importer(815301076,1909f56bfc062723c751e8b465ee728b)
Start importing Assets/ExampleAssets/Textures/Concrete/Ground_Albedo.tif using Guid(87ce03bd447ccce48bbff87ac0d8355f) Importer(815301076,1909f56bfc062723c751e8b465ee728b)  -> (artifact id: '9c43a3189b72966372049c6aa29f5d1c') in 0.007097 seconds 
  Import took 0.012062 seconds .

========================================================================
Received Import Request.
  Time since last request: 0.000368 seconds.
  path: Assets/ExampleAssets/Textures/Concrete/Ground_MetallicOcculusionSmoothness.tif
  artifactKey: Guid(a8d38587573a5f34c91c4ae0fbd8bfef) Importer(815301076,1909f56bfc062723c751e8b465ee728b)
Start importing Assets/ExampleAssets/Textures/Concrete/Ground_MetallicOcculusionSmoothness.tif using Guid(a8d38587573a5f34c91c4ae0fbd8bfef) Importer(815301076,1909f56bfc062723c751e8b465ee728b)  -> (artifact id: 'f76f4282468f8fa63f74bc2360049bd3') in 0.009127 seconds 
  Import took 0.014024 seconds .

========================================================================
Received Import Request.
  Time since last request: 0.049447 seconds.
  path: Assets/ExampleAssets/Textures/Concrete/Ground_Normal.tif
  artifactKey: Guid(fab85e0cacda9644a99e5182a86b71f5) Importer(815301076,1909f56bfc062723c751e8b465ee728b)
Start importing Assets/ExampleAssets/Textures/Concrete/Ground_Normal.tif using Guid(fab85e0cacda9644a99e5182a86b71f5) Importer(815301076,1909f56bfc062723c751e8b465ee728b)  -> (artifact id: '8c34c47b1c26e5ad4c0603dac00ca280') in 0.007158 seconds 
  Import took 0.011763 seconds .

========================================================================
Received Import Request.
  Time since last request: 0.000344 seconds.
  path: Assets/ExampleAssets/Textures/Props/Hammer/Hammer_Albedo.tif
  artifactKey: Guid(59c8de363dc14c54986d0751c2c38342) Importer(815301076,1909f56bfc062723c751e8b465ee728b)
Start importing Assets/ExampleAssets/Textures/Props/Hammer/Hammer_Albedo.tif using Guid(59c8de363dc14c54986d0751c2c38342) Importer(815301076,1909f56bfc062723c751e8b465ee728b)  -> (artifact id: '6572e21b00b272fc24a1acc29585a318') in 0.009548 seconds 
  Import took 0.014243 seconds .

========================================================================
Received Import Request.
  Time since last request: 2.468841 seconds.
  path: Assets/texturas/NewBrush.brush
  artifactKey: Guid(cbce257bf42f4774c99d8fc6db3f4e1e) Importer(815301076,1909f56bfc062723c751e8b465ee728b)
Start importing Assets/texturas/NewBrush.brush using Guid(cbce257bf42f4774c99d8fc6db3f4e1e) Importer(815301076,1909f56bfc062723c751e8b465ee728b)  -> (artifact id: '41a50b9a655b491b96501822c44e46a5') in 0.022311 seconds 
  Import took 0.027455 seconds .

========================================================================
Received Import Request.
  Time since last request: 16.653115 seconds.
  path: Assets/ExampleAssets/Textures/Props/Hammer/Hammer_MetallicOcculusionSmoothness.tif
  artifactKey: Guid(6c509e4ae024b5e4faeefb92dab5c812) Importer(815301076,1909f56bfc062723c751e8b465ee728b)
Start importing Assets/ExampleAssets/Textures/Props/Hammer/Hammer_MetallicOcculusionSmoothness.tif using Guid(6c509e4ae024b5e4faeefb92dab5c812) Importer(815301076,1909f56bfc062723c751e8b465ee728b)  -> (artifact id: 'f65128af5bd98d70d1cc3d421ec96797') in 0.006778 seconds 
  Import took 0.011529 seconds .

========================================================================
Received Import Request.
  Time since last request: 0.000372 seconds.
  path: Assets/ExampleAssets/Textures/Props/Hammer/Hammer_Normal.tif
  artifactKey: Guid(c517a9b1527aec343806327b47ad22df) Importer(815301076,1909f56bfc062723c751e8b465ee728b)
Start importing Assets/ExampleAssets/Textures/Props/Hammer/Hammer_Normal.tif using Guid(c517a9b1527aec343806327b47ad22df) Importer(815301076,1909f56bfc062723c751e8b465ee728b)  -> (artifact id: '058575139e1a6fa6667818e422bcd789') in 0.009026 seconds 
  Import took 0.013608 seconds .

========================================================================
Received Import Request.
  Time since last request: 0.276562 seconds.
  path: Assets/TutorialInfo/Icons/Help_Icon.png
  artifactKey: Guid(34f556d724b1bbf4097ca6220db2c581) Importer(815301076,1909f56bfc062723c751e8b465ee728b)
Start importing Assets/TutorialInfo/Icons/Help_Icon.png using Guid(34f556d724b1bbf4097ca6220db2c581) Importer(815301076,1909f56bfc062723c751e8b465ee728b)  -> (artifact id: 'e781d3f9054da7c4d5e351ffa5c8f214') in 0.009477 seconds 
  Import took 0.014254 seconds .

========================================================================
Received Import Request.
  Time since last request: 0.000354 seconds.
  path: Assets/ExampleAssets/Textures/Props/Jigsaw/Jigsaw_Albedo.tif
  artifactKey: Guid(b3f247b26e080ca468f1daa963c192ee) Importer(815301076,1909f56bfc062723c751e8b465ee728b)
Start importing Assets/ExampleAssets/Textures/Props/Jigsaw/Jigsaw_Albedo.tif using Guid(b3f247b26e080ca468f1daa963c192ee) Importer(815301076,1909f56bfc062723c751e8b465ee728b)  -> (artifact id: '5927c8e2a98ec73f512dd930e9aeb733') in 0.009541 seconds 
  Import took 0.014363 seconds .

========================================================================
Received Import Request.
  Time since last request: 0.428245 seconds.
  path: Assets/ExampleAssets/Textures/Props/Jigsaw/Jigsaw_MetallicOcculusionSmoothness.tif
  artifactKey: Guid(3017ed6fed9d3bb49ba99bf738e2d626) Importer(815301076,1909f56bfc062723c751e8b465ee728b)
Start importing Assets/ExampleAssets/Textures/Props/Jigsaw/Jigsaw_MetallicOcculusionSmoothness.tif using Guid(3017ed6fed9d3bb49ba99bf738e2d626) Importer(815301076,1909f56bfc062723c751e8b465ee728b)  -> (artifact id: 'a1336a67e5ff22672ca475d5a738d569') in 0.006544 seconds 
  Import took 0.011039 seconds .

========================================================================
Received Import Request.
  Time since last request: 0.000408 seconds.
  path: Assets/ExampleAssets/Textures/Props/Jigsaw/Jigsaw_Normal.tif
  artifactKey: Guid(06969fc081d8cc146af6634f75abe652) Importer(815301076,1909f56bfc062723c751e8b465ee728b)
Start importing Assets/ExampleAssets/Textures/Props/Jigsaw/Jigsaw_Normal.tif using Guid(06969fc081d8cc146af6634f75abe652) Importer(815301076,1909f56bfc062723c751e8b465ee728b)  -> (artifact id: 'a65d2f28d48432f460ab5d7b0e6a936b') in 0.009480 seconds 
  Import took 0.013778 seconds .

========================================================================
Received Import Request.
  Time since last request: 0.038930 seconds.
  path: Assets/ExampleAssets/Textures/Metal/Metal_Albedo.tif
  artifactKey: Guid(77583f99dea53b641804bb357092ec83) Importer(815301076,1909f56bfc062723c751e8b465ee728b)
Start importing Assets/ExampleAssets/Textures/Metal/Metal_Albedo.tif using Guid(77583f99dea53b641804bb357092ec83) Importer(815301076,1909f56bfc062723c751e8b465ee728b)  -> (artifact id: '345ebbcb62495638efb43a729d0008ed') in 0.006235 seconds 
  Import took 0.011014 seconds .

========================================================================
Received Import Request.
  Time since last request: 0.000321 seconds.
  path: Assets/ExampleAssets/Textures/Metal/Metal_MetallicSmoothness.tif
  artifactKey: Guid(40da0395b61db4448b98bab66d6b549c) Importer(815301076,1909f56bfc062723c751e8b465ee728b)
Start importing Assets/ExampleAssets/Textures/Metal/Metal_MetallicSmoothness.tif using Guid(40da0395b61db4448b98bab66d6b549c) Importer(815301076,1909f56bfc062723c751e8b465ee728b)  -> (artifact id: '1a195f9dceda780d867354c5969edce7') in 0.007686 seconds 
  Import took 0.012564 seconds .

========================================================================
Received Import Request.
  Time since last request: 0.378910 seconds.
  path: Assets/ExampleAssets/Textures/Metal/Metal_Normal.tif
  artifactKey: Guid(3b0b7c1f4ac9f6b499e27cf84e722ff4) Importer(815301076,1909f56bfc062723c751e8b465ee728b)
Start importing Assets/ExampleAssets/Textures/Metal/Metal_Normal.tif using Guid(3b0b7c1f4ac9f6b499e27cf84e722ff4) Importer(815301076,1909f56bfc062723c751e8b465ee728b)  -> (artifact id: '4f54db7f72639d78ceec8751ea5311b7') in 0.006502 seconds 
  Import took 0.011187 seconds .

========================================================================
Received Import Request.
  Time since last request: 0.000394 seconds.
  path: Assets/ExampleAssets/Textures/Wood/OBS_Albedo.tif
  artifactKey: Guid(7140a9bc83a12ea49a081dda89216fff) Importer(815301076,1909f56bfc062723c751e8b465ee728b)
Start importing Assets/ExampleAssets/Textures/Wood/OBS_Albedo.tif using Guid(7140a9bc83a12ea49a081dda89216fff) Importer(815301076,1909f56bfc062723c751e8b465ee728b)  -> (artifact id: 'fb2bec780a1ff4a867673508323817ee') in 0.010532 seconds 
  Import took 0.015169 seconds .

========================================================================
Received Import Request.
  Time since last request: 0.026374 seconds.
  path: Assets/ExampleAssets/Textures/Wood/OBS_MetallicOcculusionSmoothness.tif
  artifactKey: Guid(22638a9216f1ebf4cb43273a00879f51) Importer(815301076,1909f56bfc062723c751e8b465ee728b)
Start importing Assets/ExampleAssets/Textures/Wood/OBS_MetallicOcculusionSmoothness.tif using Guid(22638a9216f1ebf4cb43273a00879f51) Importer(815301076,1909f56bfc062723c751e8b465ee728b)  -> (artifact id: '5114db08467278b39d3e47d7a4d03cc3') in 0.006486 seconds 
  Import took 0.010962 seconds .

========================================================================
Received Import Request.
  Time since last request: 0.000376 seconds.
  path: Assets/ExampleAssets/Textures/Wood/OBS_Normal.tif
  artifactKey: Guid(fcce267dfc966b6408dc2ebe0cfb60ed) Importer(815301076,1909f56bfc062723c751e8b465ee728b)
Start importing Assets/ExampleAssets/Textures/Wood/OBS_Normal.tif using Guid(fcce267dfc966b6408dc2ebe0cfb60ed) Importer(815301076,1909f56bfc062723c751e8b465ee728b)  -> (artifact id: '8b4180f5cd5f48b6a771485850242986') in 0.008617 seconds 
  Import took 0.013299 seconds .

========================================================================
Received Import Request.
  Time since last request: 0.678388 seconds.
  path: Assets/ExampleAssets/Textures/Props/Paint/Paint1G_Albedo.tif
  artifactKey: Guid(2de0d72a6700bd94ea57111b29e246fc) Importer(815301076,1909f56bfc062723c751e8b465ee728b)
Start importing Assets/ExampleAssets/Textures/Props/Paint/Paint1G_Albedo.tif using Guid(2de0d72a6700bd94ea57111b29e246fc) Importer(815301076,1909f56bfc062723c751e8b465ee728b)  -> (artifact id: '4e3b7207f514d01285dac8def82de783') in 0.006564 seconds 
  Import took 0.011166 seconds .

========================================================================
Received Import Request.
  Time since last request: 0.000395 seconds.
  path: Assets/ExampleAssets/Textures/Props/Paint/Paint1G_MetallicOcculusionRoughness.tif
  artifactKey: Guid(ca084ebab0cef7c4ba746cdb442f9c1e) Importer(815301076,1909f56bfc062723c751e8b465ee728b)
Start importing Assets/ExampleAssets/Textures/Props/Paint/Paint1G_MetallicOcculusionRoughness.tif using Guid(ca084ebab0cef7c4ba746cdb442f9c1e) Importer(815301076,1909f56bfc062723c751e8b465ee728b)  -> (artifact id: '4544db403a44ec04dfc17345fc516f57') in 0.007983 seconds 
  Import took 0.012591 seconds .

========================================================================
Received Import Request.
  Time since last request: 0.255639 seconds.
  path: Assets/ExampleAssets/Textures/Props/Paint/Paint1G_Normal.tif
  artifactKey: Guid(ac80c335ebd6dde4fa54a82050064545) Importer(815301076,1909f56bfc062723c751e8b465ee728b)
Start importing Assets/ExampleAssets/Textures/Props/Paint/Paint1G_Normal.tif using Guid(ac80c335ebd6dde4fa54a82050064545) Importer(815301076,1909f56bfc062723c751e8b465ee728b)  -> (artifact id: '9e3259f7eb2a8f862fea422bb1adcdae') in 0.006671 seconds 
  Import took 0.011555 seconds .

========================================================================
Received Import Request.
  Time since last request: 0.000325 seconds.
  path: Assets/ExampleAssets/Textures/Props/Paint/Paint5G_AlbedoSmoothness.tif
  artifactKey: Guid(5d25a5cd577a4c54e94fdf9cc6f1a631) Importer(815301076,1909f56bfc062723c751e8b465ee728b)
Start importing Assets/ExampleAssets/Textures/Props/Paint/Paint5G_AlbedoSmoothness.tif using Guid(5d25a5cd577a4c54e94fdf9cc6f1a631) Importer(815301076,1909f56bfc062723c751e8b465ee728b)  -> (artifact id: 'c1381233f4025eccd73656b424e45421') in 0.010302 seconds 
  Import took 0.014526 seconds .

========================================================================
Received Import Request.
  Time since last request: 0.605277 seconds.
  path: Assets/ExampleAssets/Textures/Props/Paint/PaintAnimMask.tif
  artifactKey: Guid(5e98de278b2ccc14f89b76b85596a3f3) Importer(815301076,1909f56bfc062723c751e8b465ee728b)
Start importing Assets/ExampleAssets/Textures/Props/Paint/PaintAnimMask.tif using Guid(5e98de278b2ccc14f89b76b85596a3f3) Importer(815301076,1909f56bfc062723c751e8b465ee728b)  -> (artifact id: '3a97b7f76dbd185272394edef655c724') in 0.006927 seconds 
  Import took 0.012014 seconds .

========================================================================
Received Import Request.
  Time since last request: 0.000357 seconds.
  path: Assets/ExampleAssets/Textures/Props/Paint/Paintbrush_Albedo.tif
  artifactKey: Guid(4675081b0baf66345adc734388155502) Importer(815301076,1909f56bfc062723c751e8b465ee728b)
Start importing Assets/ExampleAssets/Textures/Props/Paint/Paintbrush_Albedo.tif using Guid(4675081b0baf66345adc734388155502) Importer(815301076,1909f56bfc062723c751e8b465ee728b)  -> (artifact id: 'c44c88146d5d1b2383f95e7dbf6763bf') in 0.009537 seconds 
  Import took 0.013793 seconds .

========================================================================
Received Import Request.
  Time since last request: 0.333991 seconds.
  path: Assets/ExampleAssets/Textures/Props/Paint/Paintbrush_MetallicOcculusionSmoothness.tif
  artifactKey: Guid(888916a5e87c05948b1a97b3c0d42556) Importer(815301076,1909f56bfc062723c751e8b465ee728b)
Start importing Assets/ExampleAssets/Textures/Props/Paint/Paintbrush_MetallicOcculusionSmoothness.tif using Guid(888916a5e87c05948b1a97b3c0d42556) Importer(815301076,1909f56bfc062723c751e8b465ee728b)  -> (artifact id: '7b1cfae5ab06ce1b155751a8806685b9') in 0.006459 seconds 
  Import took 0.010863 seconds .

========================================================================
Received Import Request.
  Time since last request: 0.000370 seconds.
  path: Assets/ExampleAssets/Textures/Props/Paint/Paintbrush_Normal.tif
  artifactKey: Guid(09e745bf0b8ff6a4bb5785d14168289a) Importer(815301076,1909f56bfc062723c751e8b465ee728b)
Start importing Assets/ExampleAssets/Textures/Props/Paint/Paintbrush_Normal.tif using Guid(09e745bf0b8ff6a4bb5785d14168289a) Importer(815301076,1909f56bfc062723c751e8b465ee728b)  -> (artifact id: '28fea26b1ac95b11a3e7feb0c7ee9724') in 0.010260 seconds 
  Import took 0.014956 seconds .

========================================================================
Received Import Request.
  Time since last request: 0.084690 seconds.
  path: Assets/ExampleAssets/Textures/Props/Paint/PaintLabel.tif
  artifactKey: Guid(e5c37ab0c7b37af4f981195d3caaf4b4) Importer(815301076,1909f56bfc062723c751e8b465ee728b)
Start importing Assets/ExampleAssets/Textures/Props/Paint/PaintLabel.tif using Guid(e5c37ab0c7b37af4f981195d3caaf4b4) Importer(815301076,1909f56bfc062723c751e8b465ee728b)  -> (artifact id: '4269b009f8647839485106244893526d') in 0.007604 seconds 
  Import took 0.012644 seconds .

========================================================================
Received Import Request.
  Time since last request: 0.000382 seconds.
  path: Assets/ExampleAssets/Textures/Plastic/Plastic_AlbedoSmoothness.tif
  artifactKey: Guid(1f89fed00b6bc904c861ab847a811cb8) Importer(815301076,1909f56bfc062723c751e8b465ee728b)
Start importing Assets/ExampleAssets/Textures/Plastic/Plastic_AlbedoSmoothness.tif using Guid(1f89fed00b6bc904c861ab847a811cb8) Importer(815301076,1909f56bfc062723c751e8b465ee728b)  -> (artifact id: 'a28887405d4498d403a89bfd5bd71116') in 0.009713 seconds 
  Import took 0.014119 seconds .

========================================================================
Received Import Request.
  Time since last request: 0.469224 seconds.
  path: Assets/ExampleAssets/Textures/Plastic/Plastic_Normal.tif
  artifactKey: Guid(e109905c411b0f84e82eaaf2705ece30) Importer(815301076,1909f56bfc062723c751e8b465ee728b)
Start importing Assets/ExampleAssets/Textures/Plastic/Plastic_Normal.tif using Guid(e109905c411b0f84e82eaaf2705ece30) Importer(815301076,1909f56bfc062723c751e8b465ee728b)  -> (artifact id: 'b43e538c3d225718e53b2a8f67ff6547') in 0.006400 seconds 
  Import took 0.011006 seconds .

========================================================================
Received Import Request.
  Time since last request: 0.000338 seconds.
  path: Assets/ExampleAssets/Textures/Plastic/PlasticRidges_Albedo.tif
  artifactKey: Guid(ecb23393a0d1b424a82fff68a4c00a66) Importer(815301076,1909f56bfc062723c751e8b465ee728b)
Start importing Assets/ExampleAssets/Textures/Plastic/PlasticRidges_Albedo.tif using Guid(ecb23393a0d1b424a82fff68a4c00a66) Importer(815301076,1909f56bfc062723c751e8b465ee728b)  -> (artifact id: '4d3188fe7b0913bb8a52420c89c13ee2') in 0.008542 seconds 
  Import took 0.013282 seconds .

========================================================================
Received Import Request.
  Time since last request: 0.047156 seconds.
  path: Assets/ExampleAssets/Textures/Plastic/PlasticRidges_MetallicOcculusionSmoothness.tif
  artifactKey: Guid(201c1f77fe872924a86132486bc97e82) Importer(815301076,1909f56bfc062723c751e8b465ee728b)
Start importing Assets/ExampleAssets/Textures/Plastic/PlasticRidges_MetallicOcculusionSmoothness.tif using Guid(201c1f77fe872924a86132486bc97e82) Importer(815301076,1909f56bfc062723c751e8b465ee728b)  -> (artifact id: 'bada39cacebf4f8ef9303760a0c553ee') in 0.006478 seconds 
  Import took 0.011247 seconds .

========================================================================
Received Import Request.
  Time since last request: 0.000328 seconds.
  path: Assets/ExampleAssets/Textures/Plastic/PlasticRidges_Normal.tif
  artifactKey: Guid(c021d051fa0cba84282b4a2577aa85c5) Importer(815301076,1909f56bfc062723c751e8b465ee728b)
Start importing Assets/ExampleAssets/Textures/Plastic/PlasticRidges_Normal.tif using Guid(c021d051fa0cba84282b4a2577aa85c5) Importer(815301076,1909f56bfc062723c751e8b465ee728b)  -> (artifact id: '5dad5837219d9ed7332a03dade87a3bc') in 0.007910 seconds 
  Import took 0.012402 seconds .

========================================================================
Received Import Request.
  Time since last request: 0.623804 seconds.
  path: Assets/ExampleAssets/Textures/Plastic/PlasticRough_Albedo.tif
  artifactKey: Guid(7b82d12aad56cc445b99fd1cf06a232d) Importer(815301076,1909f56bfc062723c751e8b465ee728b)
Start importing Assets/ExampleAssets/Textures/Plastic/PlasticRough_Albedo.tif using Guid(7b82d12aad56cc445b99fd1cf06a232d) Importer(815301076,1909f56bfc062723c751e8b465ee728b)  -> (artifact id: '836d61f412532e6da6ab4f9ad6f277f8') in 0.006381 seconds 
  Import took 0.011021 seconds .

========================================================================
Received Import Request.
  Time since last request: 0.000389 seconds.
  path: Assets/ExampleAssets/Textures/Plastic/PlasticRough_MetallicOcculusionSmoothness.tif
  artifactKey: Guid(ee7680f1374ab4449b6d5f6b2c2c1936) Importer(815301076,1909f56bfc062723c751e8b465ee728b)
Start importing Assets/ExampleAssets/Textures/Plastic/PlasticRough_MetallicOcculusionSmoothness.tif using Guid(ee7680f1374ab4449b6d5f6b2c2c1936) Importer(815301076,1909f56bfc062723c751e8b465ee728b)  -> (artifact id: 'a05b0c36c9c95c4a1ed1ba5b589665a9') in 0.009017 seconds 
  Import took 0.013432 seconds .

========================================================================
Received Import Request.
  Time since last request: 0.138959 seconds.
  path: Assets/ExampleAssets/Textures/Wood/Plywood_Albedo.tif
  artifactKey: Guid(9644eb6aca67672449e2bcbb0eab8e84) Importer(815301076,1909f56bfc062723c751e8b465ee728b)
Start importing Assets/ExampleAssets/Textures/Wood/Plywood_Albedo.tif using Guid(9644eb6aca67672449e2bcbb0eab8e84) Importer(815301076,1909f56bfc062723c751e8b465ee728b)  -> (artifact id: '86dba2371f2ffb4e8190447b024b1a7a') in 0.006577 seconds 
  Import took 0.011225 seconds .

========================================================================
Received Import Request.
  Time since last request: 0.000391 seconds.
  path: Assets/ExampleAssets/Textures/Wood/Plywood_MetallicOcculusionSmoothness.tif
  artifactKey: Guid(2e38f7921b7d7b1418ab63c08117ffb8) Importer(815301076,1909f56bfc062723c751e8b465ee728b)
Start importing Assets/ExampleAssets/Textures/Wood/Plywood_MetallicOcculusionSmoothness.tif using Guid(2e38f7921b7d7b1418ab63c08117ffb8) Importer(815301076,1909f56bfc062723c751e8b465ee728b)  -> (artifact id: '33f8e784a4fae17da8470dceb161a16a') in 0.008585 seconds 
  Import took 0.013635 seconds .

========================================================================
Received Import Request.
  Time since last request: 119.037766 seconds.
  path: Assets/ExampleAssets/Textures/Wood/Plywood_Normal.tif
  artifactKey: Guid(2148396b133b56f40baa7ea4fd22982a) Importer(815301076,1909f56bfc062723c751e8b465ee728b)
Start importing Assets/ExampleAssets/Textures/Wood/Plywood_Normal.tif using Guid(2148396b133b56f40baa7ea4fd22982a) Importer(815301076,1909f56bfc062723c751e8b465ee728b)  -> (artifact id: '5b70646aaafa4369b72557944f183eee') in 0.007312 seconds 
  Import took 0.012095 seconds .

========================================================================
Received Import Request.
  Time since last request: 0.312250 seconds.
  path: Assets/ExampleAssets/Textures/Props/HardHat/SafetyHat_Albedo.tif
  artifactKey: Guid(dd61af2ec9847eb4d8e17529fa61b143) Importer(815301076,1909f56bfc062723c751e8b465ee728b)
Start importing Assets/ExampleAssets/Textures/Props/HardHat/SafetyHat_Albedo.tif using Guid(dd61af2ec9847eb4d8e17529fa61b143) Importer(815301076,1909f56bfc062723c751e8b465ee728b)  -> (artifact id: 'ad007f7d6c79064acb75d8b505684927') in 0.006669 seconds 
  Import took 0.011542 seconds .

========================================================================
Received Import Request.
  Time since last request: 0.000396 seconds.
  path: Assets/ExampleAssets/Textures/Props/HardHat/SafetyHat_MetallicOcculusionSmoothness.tif
  artifactKey: Guid(6f61f8dd4499250438f1aa39448e860a) Importer(815301076,1909f56bfc062723c751e8b465ee728b)
Start importing Assets/ExampleAssets/Textures/Props/HardHat/SafetyHat_MetallicOcculusionSmoothness.tif using Guid(6f61f8dd4499250438f1aa39448e860a) Importer(815301076,1909f56bfc062723c751e8b465ee728b)  -> (artifact id: '95068a0f47506b23a1b65fca074a6e2b') in 0.008705 seconds 
  Import took 0.013414 seconds .

========================================================================
Received Import Request.
  Time since last request: 0.542252 seconds.
  path: Assets/ExampleAssets/Textures/Props/HardHat/SafetyHat_Normal.tif
  artifactKey: Guid(d608c45da8580c9408ee50eb9a8c40f3) Importer(815301076,1909f56bfc062723c751e8b465ee728b)
Start importing Assets/ExampleAssets/Textures/Props/HardHat/SafetyHat_Normal.tif using Guid(d608c45da8580c9408ee50eb9a8c40f3) Importer(815301076,1909f56bfc062723c751e8b465ee728b)  -> (artifact id: 'a35a68029a20ee7c3e2ce73bb98020d3') in 0.007053 seconds 
  Import took 0.011827 seconds .

========================================================================
Received Import Request.
  Time since last request: 0.123908 seconds.
  path: Assets/TutorialInfo/Icons/UniversalIcon.png
  artifactKey: Guid(7801804018a7dcf42abb827444e18660) Importer(815301076,1909f56bfc062723c751e8b465ee728b)
Start importing Assets/TutorialInfo/Icons/UniversalIcon.png using Guid(7801804018a7dcf42abb827444e18660) Importer(815301076,1909f56bfc062723c751e8b465ee728b)  -> (artifact id: '670e7b7a94a58ce103149ca7da0ed627') in 0.007758 seconds 
  Import took 0.012572 seconds .

========================================================================
Received Import Request.
  Time since last request: 774.817669 seconds.
  path: Assets/texturas/NewLayer.terrainlayer
  artifactKey: Guid(6bd375995e7f9cb43b10c6f93df29211) Importer(815301076,1909f56bfc062723c751e8b465ee728b)
Start importing Assets/texturas/NewLayer.terrainlayer using Guid(6bd375995e7f9cb43b10c6f93df29211) Importer(815301076,1909f56bfc062723c751e8b465ee728b)  -> (artifact id: 'e7a0042be1afb58629d883d49f6a1294') in 0.022842 seconds 
  Import took 0.028586 seconds .

========================================================================
Received Import Request.
  Time since last request: 0.000294 seconds.
  path: Assets/texturas/NewLayer 4.terrainlayer
  artifactKey: Guid(1ee1baef1e02fe4449071ddc04a20445) Importer(815301076,1909f56bfc062723c751e8b465ee728b)
Start importing Assets/texturas/NewLayer 4.terrainlayer using Guid(1ee1baef1e02fe4449071ddc04a20445) Importer(815301076,1909f56bfc062723c751e8b465ee728b)  -> (artifact id: 'c61246b5cac0cde3421bb5a702292f2b') in 0.008372 seconds 
  Import took 0.014107 seconds .

========================================================================
Received Import Request.
  Time since last request: 0.000280 seconds.
  path: Assets/texturas/NewLayer 3.terrainlayer
  artifactKey: Guid(67ec11cc7cc32fc4dae7ab91886d7728) Importer(815301076,1909f56bfc062723c751e8b465ee728b)
Start importing Assets/texturas/NewLayer 3.terrainlayer using Guid(67ec11cc7cc32fc4dae7ab91886d7728) Importer(815301076,1909f56bfc062723c751e8b465ee728b)  -> (artifact id: 'e977ea14f04fde263c581d5fd137b1a6') in 0.008053 seconds 
  Import took 0.013680 seconds .

========================================================================
Received Import Request.
  Time since last request: 0.000201 seconds.
  path: Assets/texturas/NewLayer 1.terrainlayer
  artifactKey: Guid(1899fa9e3013c7a42b2ad7f8defcc30d) Importer(815301076,1909f56bfc062723c751e8b465ee728b)
Start importing Assets/texturas/NewLayer 1.terrainlayer using Guid(1899fa9e3013c7a42b2ad7f8defcc30d) Importer(815301076,1909f56bfc062723c751e8b465ee728b)  -> (artifact id: 'a9fdaa459afa96c4df72f769b40f7354') in 0.007405 seconds 
  Import took 0.013409 seconds .

========================================================================
Received Import Request.
  Time since last request: 0.000244 seconds.
  path: Assets/texturas/NewLayer 5.terrainlayer
  artifactKey: Guid(70eff4251c4eef843ac43c55bc6d5148) Importer(815301076,1909f56bfc062723c751e8b465ee728b)
Start importing Assets/texturas/NewLayer 5.terrainlayer using Guid(70eff4251c4eef843ac43c55bc6d5148) Importer(815301076,1909f56bfc062723c751e8b465ee728b)  -> (artifact id: '7aba4a58837bba5f2f010178ebdf3ec9') in 0.008226 seconds 
  Import took 0.013109 seconds .

========================================================================
Received Import Request.
  Time since last request: 0.000243 seconds.
  path: Assets/texturas/NewLayer 2.terrainlayer
  artifactKey: Guid(f4c41409dc8f7b14791b77f28b5f00f5) Importer(815301076,1909f56bfc062723c751e8b465ee728b)
Start importing Assets/texturas/NewLayer 2.terrainlayer using Guid(f4c41409dc8f7b14791b77f28b5f00f5) Importer(815301076,1909f56bfc062723c751e8b465ee728b)  -> (artifact id: '2010a0e442c0d9b20ab6183d2e946ab9') in 0.009842 seconds 
  Import took 0.014410 seconds .

========================================================================
Received Import Request.
  Time since last request: 53.248671 seconds.
  path: Assets/New Terrain.asset
  artifactKey: Guid(e9be49f9a5ace204d819a6467eac62de) Importer(815301076,1909f56bfc062723c751e8b465ee728b)
Start importing Assets/New Terrain.asset using Guid(e9be49f9a5ace204d819a6467eac62de) Importer(815301076,1909f56bfc062723c751e8b465ee728b)  -> (artifact id: '3c6b55ad130cf09a0265f8434614dd3c') in 0.021968 seconds 
  Import took 0.027023 seconds .

========================================================================
Received Import Request.
  Time since last request: 0.000387 seconds.
  path: Assets/TerrainData_e7fbb85e-74a6-4956-aa9b-39c7f8a8bd89.asset
  artifactKey: Guid(f0921cdcf151bcf4c9a9729c9fd28a65) Importer(815301076,1909f56bfc062723c751e8b465ee728b)
Start importing Assets/TerrainData_e7fbb85e-74a6-4956-aa9b-39c7f8a8bd89.asset using Guid(f0921cdcf151bcf4c9a9729c9fd28a65) Importer(815301076,1909f56bfc062723c751e8b465ee728b)  -> (artifact id: '6665c00d8773a9e3338c434cf84ee4a8') in 0.020455 seconds 
  Import took 0.024488 seconds .

========================================================================
Received Import Request.
  Time since last request: 0.000367 seconds.
  path: Assets/TerrainData_64736611-9b3c-4878-bb60-b7bf57cc392a.asset
  artifactKey: Guid(13828f793c45ba34c8cd5d668f33d69e) Importer(815301076,1909f56bfc062723c751e8b465ee728b)
Start importing Assets/TerrainData_64736611-9b3c-4878-bb60-b7bf57cc392a.asset using Guid(13828f793c45ba34c8cd5d668f33d69e) Importer(815301076,1909f56bfc062723c751e8b465ee728b)  -> (artifact id: '56177cf5516971af209f226ae6f8e7ec') in 0.018718 seconds 
  Import took 0.023381 seconds .

========================================================================
Received Import Request.
  Time since last request: 0.000367 seconds.
  path: Assets/TerrainData_f6230846-874b-456e-93e2-4400ccbffea2.asset
  artifactKey: Guid(1a501ce5191c3bb49a6d50cb2829e3a5) Importer(815301076,1909f56bfc062723c751e8b465ee728b)
Start importing Assets/TerrainData_f6230846-874b-456e-93e2-4400ccbffea2.asset using Guid(1a501ce5191c3bb49a6d50cb2829e3a5) Importer(815301076,1909f56bfc062723c751e8b465ee728b)  -> (artifact id: '9e899d54a337a49a1f4917c22d29a5dc') in 0.043528 seconds 
  Import took 0.050451 seconds .

========================================================================
Received Import Request.
  Time since last request: 13.407008 seconds.
  path: Assets/Free_SpeedTrees
  artifactKey: Guid(6a7ba5ebe3bfa404497878d9d8749409) Importer(815301076,1909f56bfc062723c751e8b465ee728b)
Start importing Assets/Free_SpeedTrees using Guid(6a7ba5ebe3bfa404497878d9d8749409) Importer(815301076,1909f56bfc062723c751e8b465ee728b)  -> (artifact id: 'b7ce6df2ae6eb5afc651b671d398026b') in 0.001358 seconds 
  Import took 0.006235 seconds .

========================================================================
Received Import Request.
  Time since last request: 0.094874 seconds.
  path: Assets/Free_SpeedTrees/Broadleaf_Desktop.spm
  artifactKey: Guid(b6972eaa35c2e574e8ab5083a59d8459) Importer(815301076,1909f56bfc062723c751e8b465ee728b)
Start importing Assets/Free_SpeedTrees/Broadleaf_Desktop.spm using Guid(b6972eaa35c2e574e8ab5083a59d8459) Importer(815301076,1909f56bfc062723c751e8b465ee728b)  -> (artifact id: '20a1c95fd0f38858fb55e892e5683b43') in 1.347225 seconds 
  Import took 1.353102 seconds .

========================================================================
Received Import Request.
  Time since last request: 0.000403 seconds.
  path: Assets/Free_SpeedTrees/Conifer_Desktop_Atlas_Billboards.tga
  artifactKey: Guid(b6b6a150997c48847a2e282d7758946e) Importer(815301076,1909f56bfc062723c751e8b465ee728b)
Start importing Assets/Free_SpeedTrees/Conifer_Desktop_Atlas_Billboards.tga using Guid(b6b6a150997c48847a2e282d7758946e) Importer(815301076,1909f56bfc062723c751e8b465ee728b)  -> (artifact id: '9aa28734a55f238faafa175f9811d6b6') in 0.015622 seconds 
  Import took 0.019948 seconds .

========================================================================
Received Import Request.
  Time since last request: 0.000289 seconds.
  path: Assets/Free_SpeedTrees/Broadleaf_Mobile.spm
  artifactKey: Guid(1e84b98fc4c200c4aa16e1ec38895673) Importer(815301076,1909f56bfc062723c751e8b465ee728b)
Start importing Assets/Free_SpeedTrees/Broadleaf_Mobile.spm using Guid(1e84b98fc4c200c4aa16e1ec38895673) Importer(815301076,1909f56bfc062723c751e8b465ee728b)  -> (artifact id: 'fe7a8ad5888f6e763e2f5c1df9cde695') in 0.083181 seconds 
  Import took 0.088506 seconds .

========================================================================
Received Import Request.
  Time since last request: 0.000280 seconds.
  path: Assets/Free_SpeedTrees/Broadleaves_Desktop_Spec.tga
  artifactKey: Guid(8aa20d044431d7146a3169d49aac11bf) Importer(815301076,1909f56bfc062723c751e8b465ee728b)
Start importing Assets/Free_SpeedTrees/Broadleaves_Desktop_Spec.tga using Guid(8aa20d044431d7146a3169d49aac11bf) Importer(815301076,1909f56bfc062723c751e8b465ee728b)  -> (artifact id: 'a82551e1cbf9c452425cdf8c39fec26d') in 0.011463 seconds 
  Import took 0.015796 seconds .

========================================================================
Received Import Request.
  Time since last request: 0.000259 seconds.
  path: Assets/Free_SpeedTrees/Conifer_Desktop_Atlas_Billboards_Normal.tga
  artifactKey: Guid(b40ea9e85cab82240b343e59cba9e540) Importer(815301076,1909f56bfc062723c751e8b465ee728b)
Start importing Assets/Free_SpeedTrees/Conifer_Desktop_Atlas_Billboards_Normal.tga using Guid(b40ea9e85cab82240b343e59cba9e540) Importer(815301076,1909f56bfc062723c751e8b465ee728b)  -> (artifact id: '5bf3620e1301b92d04065cc2300faba9') in 0.013402 seconds 
  Import took 0.018315 seconds .

========================================================================
Received Import Request.
  Time since last request: 0.000268 seconds.
  path: Assets/Free_SpeedTrees/Broadleaf_Mobile_Atlas.tga
  artifactKey: Guid(aff229c1761713249bcd47b52eae7b9d) Importer(815301076,1909f56bfc062723c751e8b465ee728b)
Start importing Assets/Free_SpeedTrees/Broadleaf_Mobile_Atlas.tga using Guid(aff229c1761713249bcd47b52eae7b9d) Importer(815301076,1909f56bfc062723c751e8b465ee728b)  -> (artifact id: 'bb36e2bbcde3628950630fb991282a7e') in 0.020196 seconds 
  Import took 0.026641 seconds .

========================================================================
Received Import Request.
  Time since last request: 0.000053 seconds.
  path: Assets/Free_SpeedTrees/Broadleaf_Desktop_Atlas_Normal.tga
  artifactKey: Guid(95797b7ad77ef66488f0a638eb46b900) Importer(815301076,1909f56bfc062723c751e8b465ee728b)
Start importing Assets/Free_SpeedTrees/Broadleaf_Desktop_Atlas_Normal.tga using Guid(95797b7ad77ef66488f0a638eb46b900) Importer(815301076,1909f56bfc062723c751e8b465ee728b)  -> (artifact id: '834811dbefa7690903f3b414e333e766') in 0.016152 seconds 
  Import took 0.021460 seconds .

========================================================================
Received Import Request.
  Time since last request: 0.000278 seconds.
  path: Assets/Free_SpeedTrees/Broadleaves_Mobile_Spec.tga
  artifactKey: Guid(55d21301079feab4f9262aad8851109c) Importer(815301076,1909f56bfc062723c751e8b465ee728b)
Start importing Assets/Free_SpeedTrees/Broadleaves_Mobile_Spec.tga using Guid(55d21301079feab4f9262aad8851109c) Importer(815301076,1909f56bfc062723c751e8b465ee728b)  -> (artifact id: 'a9d5f9dc54724d69f774d57585fb2580') in 0.011354 seconds 
  Import took 0.016619 seconds .

========================================================================
Received Import Request.
  Time since last request: 0.000254 seconds.
  path: Assets/Free_SpeedTrees/BroadleafBark.tga
  artifactKey: Guid(8388ef004037cfb4bb078b578e3ed979) Importer(815301076,1909f56bfc062723c751e8b465ee728b)
Start importing Assets/Free_SpeedTrees/BroadleafBark.tga using Guid(8388ef004037cfb4bb078b578e3ed979) Importer(815301076,1909f56bfc062723c751e8b465ee728b)  -> (artifact id: 'b2f1caa45a9a70721ad463d40acf8b3d') in 0.008248 seconds 
  Import took 0.013553 seconds .

========================================================================
Received Import Request.
  Time since last request: 0.000257 seconds.
  path: Assets/Free_SpeedTrees/Broadleaves_Mobile.tga
  artifactKey: Guid(fda4b0464694cfc4ea753953e2b5c879) Importer(815301076,1909f56bfc062723c751e8b465ee728b)
Start importing Assets/Free_SpeedTrees/Broadleaves_Mobile.tga using Guid(fda4b0464694cfc4ea753953e2b5c879) Importer(815301076,1909f56bfc062723c751e8b465ee728b)  -> (artifact id: 'd9781038dab9700eaa2ed33178b2feaf') in 0.009222 seconds 
  Import took 0.014652 seconds .

========================================================================
Received Import Request.
  Time since last request: 0.000254 seconds.
  path: Assets/Free_SpeedTrees/Broadleaf_Mobile_Atlas_Billboards_Normal.tga
  artifactKey: Guid(d08ed16db3ffed749b2a182a220ec7e8) Importer(815301076,1909f56bfc062723c751e8b465ee728b)
Start importing Assets/Free_SpeedTrees/Broadleaf_Mobile_Atlas_Billboards_Normal.tga using Guid(d08ed16db3ffed749b2a182a220ec7e8) Importer(815301076,1909f56bfc062723c751e8b465ee728b)  -> (artifact id: 'f59be546726fabdebc350b51f605ab49') in 0.009142 seconds 
  Import took 0.014299 seconds .

========================================================================
Received Import Request.
  Time since last request: 0.000280 seconds.
  path: Assets/Free_SpeedTrees/Broadleaves.obj
  artifactKey: Guid(cf3c778055c27074b849beaac044a88b) Importer(815301076,1909f56bfc062723c751e8b465ee728b)
Start importing Assets/Free_SpeedTrees/Broadleaves.obj using Guid(cf3c778055c27074b849beaac044a88b) Importer(815301076,1909f56bfc062723c751e8b465ee728b)  -> (artifact id: 'fa19a028d40575359b92793caf3b0d1e') in 0.107095 seconds 
  Import took 0.111940 seconds .

========================================================================
Received Import Request.
  Time since last request: 0.000277 seconds.
  path: Assets/Free_SpeedTrees/Cap_01_Normal.tga
  artifactKey: Guid(28708d8807aed5e4fb6d176a1f42c0d9) Importer(815301076,1909f56bfc062723c751e8b465ee728b)
Start importing Assets/Free_SpeedTrees/Cap_01_Normal.tga using Guid(28708d8807aed5e4fb6d176a1f42c0d9) Importer(815301076,1909f56bfc062723c751e8b465ee728b)  -> (artifact id: 'fa024c8800d2e79386630dcd8f088cb2') in 0.006649 seconds 
  Import took 0.010657 seconds .

========================================================================
Received Import Request.
  Time since last request: 0.000273 seconds.
  path: Assets/Free_SpeedTrees/Conifer_Desktop_Atlas_Normal.tga
  artifactKey: Guid(baaa7978ce9574a4184b4f8e4cfa1b11) Importer(815301076,1909f56bfc062723c751e8b465ee728b)
Start importing Assets/Free_SpeedTrees/Conifer_Desktop_Atlas_Normal.tga using Guid(baaa7978ce9574a4184b4f8e4cfa1b11) Importer(815301076,1909f56bfc062723c751e8b465ee728b)  -> (artifact id: 'b021d2497aefebe1f180a4975b8b23d3') in 0.006510 seconds 
  Import took 0.010400 seconds .

========================================================================
Received Import Request.
  Time since last request: 0.000266 seconds.
  path: Assets/Free_SpeedTrees/Broadleaf_Desktop_Atlas_Billboards.tga
  artifactKey: Guid(400cf02f268b02e4497feb50a409aaf6) Importer(815301076,1909f56bfc062723c751e8b465ee728b)
Start importing Assets/Free_SpeedTrees/Broadleaf_Desktop_Atlas_Billboards.tga using Guid(400cf02f268b02e4497feb50a409aaf6) Importer(815301076,1909f56bfc062723c751e8b465ee728b)  -> (artifact id: '3843cb8e7b6c4f60ad37e1f7e6bda3ea') in 0.006302 seconds 
  Import took 0.010277 seconds .

========================================================================
Received Import Request.
  Time since last request: 0.000271 seconds.
  path: Assets/Free_SpeedTrees/Conifer_Needles_Desktop.tga
  artifactKey: Guid(7e67582339870f24596151c8ec9d2bd9) Importer(815301076,1909f56bfc062723c751e8b465ee728b)
Start importing Assets/Free_SpeedTrees/Conifer_Needles_Desktop.tga using Guid(7e67582339870f24596151c8ec9d2bd9) Importer(815301076,1909f56bfc062723c751e8b465ee728b)  -> (artifact id: '1fa206d93d8708f6944d00d2fb9d0c04') in 0.005872 seconds 
  Import took 0.009881 seconds .

========================================================================
Received Import Request.
  Time since last request: 0.000260 seconds.
  path: Assets/Free_SpeedTrees/Conifer_Needles_Dekstop_Spec.tga
  artifactKey: Guid(09510e72a92b53449aa8ac24fd74d06f) Importer(815301076,1909f56bfc062723c751e8b465ee728b)
Start importing Assets/Free_SpeedTrees/Conifer_Needles_Dekstop_Spec.tga using Guid(09510e72a92b53449aa8ac24fd74d06f) Importer(815301076,1909f56bfc062723c751e8b465ee728b)  -> (artifact id: 'd32d6d2ffa93524de6a4189d233d0ff6') in 0.005505 seconds 
  Import took 0.009449 seconds .

========================================================================
Received Import Request.
  Time since last request: 0.000261 seconds.
  path: Assets/Free_SpeedTrees/Broadleaf_Desktop_Atlas_Specular.tga
  artifactKey: Guid(331fab33425f2a443a5533996e30c2f3) Importer(815301076,1909f56bfc062723c751e8b465ee728b)
Start importing Assets/Free_SpeedTrees/Broadleaf_Desktop_Atlas_Specular.tga using Guid(331fab33425f2a443a5533996e30c2f3) Importer(815301076,1909f56bfc062723c751e8b465ee728b)  -> (artifact id: 'f73fa1c027961310bebbbc923557e7b2') in 0.007683 seconds 
  Import took 0.012282 seconds .

========================================================================
Received Import Request.
  Time since last request: 0.000259 seconds.
  path: Assets/Free_SpeedTrees/Cap_02_Normal.tga
  artifactKey: Guid(087603efcf9e15c4fa292a1ba47041f7) Importer(815301076,1909f56bfc062723c751e8b465ee728b)
Start importing Assets/Free_SpeedTrees/Cap_02_Normal.tga using Guid(087603efcf9e15c4fa292a1ba47041f7) Importer(815301076,1909f56bfc062723c751e8b465ee728b)  -> (artifact id: '31c680784a1d814d62145e6ab6bc5f34') in 0.009051 seconds 
  Import took 0.014086 seconds .

========================================================================
Received Import Request.
  Time since last request: 0.000224 seconds.
  path: Assets/Free_SpeedTrees/Conifer_Desktop_Atlas.tga
  artifactKey: Guid(6252e35b1ca7f8a41bee8af931e1518a) Importer(815301076,1909f56bfc062723c751e8b465ee728b)
Start importing Assets/Free_SpeedTrees/Conifer_Desktop_Atlas.tga using Guid(6252e35b1ca7f8a41bee8af931e1518a) Importer(815301076,1909f56bfc062723c751e8b465ee728b)  -> (artifact id: '077d85d3d502435fb765ce5e0f70492a') in 0.010180 seconds 
  Import took 0.016049 seconds .

========================================================================
Received Import Request.
  Time since last request: 0.000286 seconds.
  path: Assets/Free_SpeedTrees/Cap_01.tga
  artifactKey: Guid(4c736772015edbc45a598838d178886f) Importer(815301076,1909f56bfc062723c751e8b465ee728b)
Start importing Assets/Free_SpeedTrees/Cap_01.tga using Guid(4c736772015edbc45a598838d178886f) Importer(815301076,1909f56bfc062723c751e8b465ee728b)  -> (artifact id: 'e56697111986a6909ee3e139e0f67464') in 0.009813 seconds 
  Import took 0.014771 seconds .

========================================================================
Received Import Request.
  Time since last request: 0.000269 seconds.
  path: Assets/Free_SpeedTrees/ClippedFrond_Normal.tga
  artifactKey: Guid(e399812032ced8c4b91235f1231db905) Importer(815301076,1909f56bfc062723c751e8b465ee728b)
Start importing Assets/Free_SpeedTrees/ClippedFrond_Normal.tga using Guid(e399812032ced8c4b91235f1231db905) Importer(815301076,1909f56bfc062723c751e8b465ee728b)  -> (artifact id: 'd3dfc74066122710801ba3ff8e0b07f5') in 0.007490 seconds 
  Import took 0.012186 seconds .

========================================================================
Received Import Request.
  Time since last request: 0.000280 seconds.
  path: Assets/Free_SpeedTrees/Broadleaves_Card_Desktop_Normal.tga
  artifactKey: Guid(ba3df608f71aa66459b42227a3bfe843) Importer(815301076,1909f56bfc062723c751e8b465ee728b)
Start importing Assets/Free_SpeedTrees/Broadleaves_Card_Desktop_Normal.tga using Guid(ba3df608f71aa66459b42227a3bfe843) Importer(815301076,1909f56bfc062723c751e8b465ee728b)  -> (artifact id: 'c558a8109ddb4992f3d4deb9b29e1e35') in 0.007655 seconds 
  Import took 0.012504 seconds .

========================================================================
Received Import Request.
  Time since last request: 0.000311 seconds.
  path: Assets/Free_SpeedTrees/Conifer_Desktop_Atlas_Specular.tga
  artifactKey: Guid(73268d3bd099d004c84aa15d081305a7) Importer(815301076,1909f56bfc062723c751e8b465ee728b)
Start importing Assets/Free_SpeedTrees/Conifer_Desktop_Atlas_Specular.tga using Guid(73268d3bd099d004c84aa15d081305a7) Importer(815301076,1909f56bfc062723c751e8b465ee728b)  -> (artifact id: '031a3516a430a78991996a7d28fb6be1') in 0.008850 seconds 
  Import took 0.014568 seconds .

========================================================================
Received Import Request.
  Time since last request: 0.000247 seconds.
  path: Assets/Free_SpeedTrees/Broadleaf_Mobile_Atlas_Specular.tga
  artifactKey: Guid(2fae588f60ac4474ea0fb25519d51427) Importer(815301076,1909f56bfc062723c751e8b465ee728b)
Start importing Assets/Free_SpeedTrees/Broadleaf_Mobile_Atlas_Specular.tga using Guid(2fae588f60ac4474ea0fb25519d51427) Importer(815301076,1909f56bfc062723c751e8b465ee728b)  -> (artifact id: '6e094b77be15522c856bb6cfec135b49') in 0.010774 seconds 
  Import took 0.015644 seconds .

========================================================================
Received Import Request.
  Time since last request: 0.000245 seconds.
  path: Assets/Free_SpeedTrees/Conifer_Desktop.spm
  artifactKey: Guid(70417e08343ef354db9a6c398faf67bc) Importer(815301076,1909f56bfc062723c751e8b465ee728b)
Start importing Assets/Free_SpeedTrees/Conifer_Desktop.spm using Guid(70417e08343ef354db9a6c398faf67bc) Importer(815301076,1909f56bfc062723c751e8b465ee728b)  -> (artifact id: '840f67713bf25829b7aa6d462b58251f') in 0.055157 seconds 
  Import took 0.059948 seconds .

========================================================================
Received Import Request.
  Time since last request: 0.000252 seconds.
  path: Assets/Free_SpeedTrees/Cap_02.tga
  artifactKey: Guid(1e84037f5ea09ab4591dfa710d05aea0) Importer(815301076,1909f56bfc062723c751e8b465ee728b)
Start importing Assets/Free_SpeedTrees/Cap_02.tga using Guid(1e84037f5ea09ab4591dfa710d05aea0) Importer(815301076,1909f56bfc062723c751e8b465ee728b)  -> (artifact id: '6aad1c4e71efe208d277829b679f4503') in 0.006633 seconds 
  Import took 0.010774 seconds .

========================================================================
Received Import Request.
  Time since last request: 0.000288 seconds.
  path: Assets/Free_SpeedTrees/Broadleaf_Desktop_Atlas.tga
  artifactKey: Guid(31018c739fc121f40904965bce982a7e) Importer(815301076,1909f56bfc062723c751e8b465ee728b)
Start importing Assets/Free_SpeedTrees/Broadleaf_Desktop_Atlas.tga using Guid(31018c739fc121f40904965bce982a7e) Importer(815301076,1909f56bfc062723c751e8b465ee728b)  -> (artifact id: 'f85fe211f6a3377135eb251074f86f98') in 0.007601 seconds 
  Import took 0.011595 seconds .

========================================================================
Received Import Request.
  Time since last request: 0.000276 seconds.
  path: Assets/Free_SpeedTrees/Broadleaf_Desktop_Atlas_Billboards_Normal.tga
  artifactKey: Guid(9eee8eb4a2dc9b544acbad65d658bae6) Importer(815301076,1909f56bfc062723c751e8b465ee728b)
Start importing Assets/Free_SpeedTrees/Broadleaf_Desktop_Atlas_Billboards_Normal.tga using Guid(9eee8eb4a2dc9b544acbad65d658bae6) Importer(815301076,1909f56bfc062723c751e8b465ee728b)  -> (artifact id: 'b818cc9c0a938fa1cef070c8d5e1b401') in 0.006876 seconds 
  Import took 0.010861 seconds .

========================================================================
Received Import Request.
  Time since last request: 0.000245 seconds.
  path: Assets/Free_SpeedTrees/Broadleaves_Card_Desktop.tga
  artifactKey: Guid(e64cf5c9456ef684aaff7b60939f2eaa) Importer(815301076,1909f56bfc062723c751e8b465ee728b)
Start importing Assets/Free_SpeedTrees/Broadleaves_Card_Desktop.tga using Guid(e64cf5c9456ef684aaff7b60939f2eaa) Importer(815301076,1909f56bfc062723c751e8b465ee728b)  -> (artifact id: 'ef28e22ff3e7171506b1664271d1f649') in 0.006170 seconds 
  Import took 0.010049 seconds .

========================================================================
Received Import Request.
  Time since last request: 0.000269 seconds.
  path: Assets/Free_SpeedTrees/Broadleaf_Mobile_Atlas_Normal.tga
  artifactKey: Guid(cae8ecee60430f64b90c5796b575e166) Importer(815301076,1909f56bfc062723c751e8b465ee728b)
Start importing Assets/Free_SpeedTrees/Broadleaf_Mobile_Atlas_Normal.tga using Guid(cae8ecee60430f64b90c5796b575e166) Importer(815301076,1909f56bfc062723c751e8b465ee728b)  -> (artifact id: '8bf8851882549504c3cf5873867b2b61') in 0.007626 seconds 
  Import took 0.011565 seconds .

========================================================================
Received Import Request.
  Time since last request: 0.000272 seconds.
  path: Assets/Free_SpeedTrees/Broadleaves_Desktop_Normal.tga
  artifactKey: Guid(ca83d5eb2956aee4e9773b061b826d27) Importer(815301076,1909f56bfc062723c751e8b465ee728b)
Start importing Assets/Free_SpeedTrees/Broadleaves_Desktop_Normal.tga using Guid(ca83d5eb2956aee4e9773b061b826d27) Importer(815301076,1909f56bfc062723c751e8b465ee728b)  -> (artifact id: '3355e0be07067e617e4bdc8047003f3d') in 0.007898 seconds 
  Import took 0.012635 seconds .

========================================================================
Received Import Request.
  Time since last request: 0.000238 seconds.
  path: Assets/Free_SpeedTrees/Broadleaves_Mobile_Normal.tga
  artifactKey: Guid(43fb5de94234b754c904d3a30aa4c2f4) Importer(815301076,1909f56bfc062723c751e8b465ee728b)
Start importing Assets/Free_SpeedTrees/Broadleaves_Mobile_Normal.tga using Guid(43fb5de94234b754c904d3a30aa4c2f4) Importer(815301076,1909f56bfc062723c751e8b465ee728b)  -> (artifact id: '5451f94006d8173459d3941e23f8af5c') in 0.011070 seconds 
  Import took 0.016657 seconds .

========================================================================
Received Import Request.
  Time since last request: 0.000264 seconds.
  path: Assets/Free_SpeedTrees/BroadleafBark_Normal.tga
  artifactKey: Guid(1f5ec39442ecd0743b110eccfc24d442) Importer(815301076,1909f56bfc062723c751e8b465ee728b)
Start importing Assets/Free_SpeedTrees/BroadleafBark_Normal.tga using Guid(1f5ec39442ecd0743b110eccfc24d442) Importer(815301076,1909f56bfc062723c751e8b465ee728b)  -> (artifact id: 'b2717619c948ddb262b943d3318097c5') in 0.008428 seconds 
  Import took 0.014107 seconds .

========================================================================
Received Import Request.
  Time since last request: 0.000332 seconds.
  path: Assets/Free_SpeedTrees/Broadleaves_Desktop.tga
  artifactKey: Guid(ce9dea0a872176a4c894d4bcfb48fd18) Importer(815301076,1909f56bfc062723c751e8b465ee728b)
Start importing Assets/Free_SpeedTrees/Broadleaves_Desktop.tga using Guid(ce9dea0a872176a4c894d4bcfb48fd18) Importer(815301076,1909f56bfc062723c751e8b465ee728b)  -> (artifact id: '0a0ed5752f05df5a2a8bacacd6f83e08') in 0.010404 seconds 
  Import took 0.016192 seconds .

========================================================================
Received Import Request.
  Time since last request: 0.000167 seconds.
  path: Assets/Free_SpeedTrees/Broadleaves_Card_Desktop_Spec.tga
  artifactKey: Guid(f11e0c60fcaddcd4ca3d2de05ae014c1) Importer(815301076,1909f56bfc062723c751e8b465ee728b)
Start importing Assets/Free_SpeedTrees/Broadleaves_Card_Desktop_Spec.tga using Guid(f11e0c60fcaddcd4ca3d2de05ae014c1) Importer(815301076,1909f56bfc062723c751e8b465ee728b)  -> (artifact id: '18a0a760aad1b316861d76ac62691d5d') in 0.009585 seconds 
  Import took 0.015128 seconds .

========================================================================
Received Import Request.
  Time since last request: 0.000263 seconds.
  path: Assets/Free_SpeedTrees/Broadleaf_Mobile_Atlas_Billboards.tga
  artifactKey: Guid(e9d5f83e9143624479658513c3542ddb) Importer(815301076,1909f56bfc062723c751e8b465ee728b)
Start importing Assets/Free_SpeedTrees/Broadleaf_Mobile_Atlas_Billboards.tga using Guid(e9d5f83e9143624479658513c3542ddb) Importer(815301076,1909f56bfc062723c751e8b465ee728b)  -> (artifact id: '945b1de339822b067ea7822ebcad172e') in 0.009397 seconds 
  Import took 0.015024 seconds .

========================================================================
Received Import Request.
  Time since last request: 0.000286 seconds.
  path: Assets/Free_SpeedTrees/ClippedFrond.tga
  artifactKey: Guid(92b189208338b724f828f66e4eb40478) Importer(815301076,1909f56bfc062723c751e8b465ee728b)
Start importing Assets/Free_SpeedTrees/ClippedFrond.tga using Guid(92b189208338b724f828f66e4eb40478) Importer(815301076,1909f56bfc062723c751e8b465ee728b)  -> (artifact id: '0ea3da5d5d5f8e9fe0361c59b5a102fd') in 0.008124 seconds 
  Import took 0.013657 seconds .

========================================================================
Received Import Request.
  Time since last request: 190.092927 seconds.
  path: Assets/ExampleAssets/Models/brush_low.fbx
  artifactKey: Guid(aed8c47425ab91f4eb06ce6fe47c3e4e) Importer(815301076,1909f56bfc062723c751e8b465ee728b)
Start importing Assets/ExampleAssets/Models/brush_low.fbx using Guid(aed8c47425ab91f4eb06ce6fe47c3e4e) Importer(815301076,1909f56bfc062723c751e8b465ee728b)  -> (artifact id: '205b30cbef038cadcb35906503c8ccce') in 0.435603 seconds 
  Import took 0.440758 seconds .

========================================================================
Received Import Request.
  Time since last request: 0.000196 seconds.
  path: Assets/ExampleAssets/Prefabs/Construction Light Low.prefab
  artifactKey: Guid(bf0a225a9ff184f2789f3036faaa9150) Importer(815301076,1909f56bfc062723c751e8b465ee728b)
Start importing Assets/ExampleAssets/Prefabs/Construction Light Low.prefab using Guid(bf0a225a9ff184f2789f3036faaa9150) Importer(815301076,1909f56bfc062723c751e8b465ee728b)  -> (artifact id: '346f8df32c006d3354a0b4fd47a72896') in 0.031799 seconds 
  Import took 0.036288 seconds .

========================================================================
Received Import Request.
  Time since last request: 0.000182 seconds.
  path: Assets/ExampleAssets/Models/ConstructionLight_Low.fbx
  artifactKey: Guid(e3ae06a3979f53046aa05330d69de1fa) Importer(815301076,1909f56bfc062723c751e8b465ee728b)
Start importing Assets/ExampleAssets/Models/ConstructionLight_Low.fbx using Guid(e3ae06a3979f53046aa05330d69de1fa) Importer(815301076,1909f56bfc062723c751e8b465ee728b)  -> (artifact id: '55669594c1dc38579b11352233ca0f06') in 0.082854 seconds 
  Import took 0.088081 seconds .

========================================================================
Received Import Request.
  Time since last request: 206.476759 seconds.
  path: Assets/ExampleAssets/Models/hammer_low.fbx
  artifactKey: Guid(68a66fb5a71f8204a8dcb613c97d1fa8) Importer(815301076,1909f56bfc062723c751e8b465ee728b)
Start importing Assets/ExampleAssets/Models/hammer_low.fbx using Guid(68a66fb5a71f8204a8dcb613c97d1fa8) Importer(815301076,1909f56bfc062723c751e8b465ee728b)  -> (artifact id: '54ed4711904f60a264f5703ae9b387e4') in 0.020782 seconds 
  Import took 0.026309 seconds .

========================================================================
Received Import Request.
  Time since last request: 0.000303 seconds.
  path: Assets/ExampleAssets/Models/jigsaw_low.fbx
  artifactKey: Guid(8b73e8872ca76104bbca4ee2b704a1b4) Importer(815301076,1909f56bfc062723c751e8b465ee728b)
Start importing Assets/ExampleAssets/Models/jigsaw_low.fbx using Guid(8b73e8872ca76104bbca4ee2b704a1b4) Importer(815301076,1909f56bfc062723c751e8b465ee728b)  -> (artifact id: 'bb3584c358422af3037dc8aa58f16966') in 0.024192 seconds 
  Import took 0.029174 seconds .

========================================================================
Received Import Request.
  Time since last request: 0.146603 seconds.
  path: Assets/ExampleAssets/Models/magneticlevel_low.fbx
  artifactKey: Guid(bae110eee250e4b418b188f4ae4e3170) Importer(815301076,1909f56bfc062723c751e8b465ee728b)
Start importing Assets/ExampleAssets/Models/magneticlevel_low.fbx using Guid(bae110eee250e4b418b188f4ae4e3170) Importer(815301076,1909f56bfc062723c751e8b465ee728b)  -> (artifact id: '58837515d015a420f068601370da3a8d') in 0.040192 seconds 
  Import took 0.045391 seconds .

========================================================================
Received Import Request.
  Time since last request: 0.000382 seconds.
  path: Assets/ExampleAssets/Prefabs/Paint Supplies.prefab
  artifactKey: Guid(283e6530a665e4513959d1cd4883682f) Importer(815301076,1909f56bfc062723c751e8b465ee728b)
Start importing Assets/ExampleAssets/Prefabs/Paint Supplies.prefab using Guid(283e6530a665e4513959d1cd4883682f) Importer(815301076,1909f56bfc062723c751e8b465ee728b)  -> (artifact id: 'a6288133c3e062e72648e9733ca2b187') in 0.049214 seconds 
  Import took 0.053739 seconds .

========================================================================
Received Import Request.
  Time since last request: 0.487742 seconds.
  path: Assets/ExampleAssets/Models/paintbucket_low.fbx
  artifactKey: Guid(b451a052397f03c4f8a04d915d1c0492) Importer(815301076,1909f56bfc062723c751e8b465ee728b)
Start importing Assets/ExampleAssets/Models/paintbucket_low.fbx using Guid(b451a052397f03c4f8a04d915d1c0492) Importer(815301076,1909f56bfc062723c751e8b465ee728b)  -> (artifact id: '637a2bd286a352aa8b7125d25dc7e435') in 0.056663 seconds 
  Import took 0.061853 seconds .

========================================================================
Received Import Request.
  Time since last request: 0.000403 seconds.
  path: Assets/Free_SpeedTrees/Palm_Desktop.spm
  artifactKey: Guid(5c2ecb53217ee6d47845944d5e81b5a6) Importer(815301076,1909f56bfc062723c751e8b465ee728b)
Start importing Assets/Free_SpeedTrees/Palm_Desktop.spm using Guid(5c2ecb53217ee6d47845944d5e81b5a6) Importer(815301076,1909f56bfc062723c751e8b465ee728b)  -> (artifact id: '5ba24d4163144ef01274256090cc72ba') in 0.068579 seconds 
  Import took 0.072983 seconds .

========================================================================
Received Import Request.
  Time since last request: 0.229106 seconds.
  path: Assets/ExampleAssets/Prefabs/Props.prefab
  artifactKey: Guid(85dfab9623c67784fa7894de63cd1604) Importer(815301076,1909f56bfc062723c751e8b465ee728b)
Start importing Assets/ExampleAssets/Prefabs/Props.prefab using Guid(85dfab9623c67784fa7894de63cd1604) Importer(815301076,1909f56bfc062723c751e8b465ee728b)  -> (artifact id: 'af2bc29253cdaebea97c980f3c3162d2') in 0.041480 seconds 
  Import took 0.047943 seconds .

========================================================================
Received Import Request.
  Time since last request: 0.000328 seconds.
  path: Assets/ExampleAssets/Models/safetygoggles_low.fbx
  artifactKey: Guid(6296e48663fd7ad46b1a2af507f871cf) Importer(815301076,1909f56bfc062723c751e8b465ee728b)
Start importing Assets/ExampleAssets/Models/safetygoggles_low.fbx using Guid(6296e48663fd7ad46b1a2af507f871cf) Importer(815301076,1909f56bfc062723c751e8b465ee728b)  -> (artifact id: '5de22f2a8894dfae02db675e704eda1d') in 0.038648 seconds 
  Import took 0.043031 seconds .

========================================================================
Received Import Request.
  Time since last request: 0.000360 seconds.
  path: Assets/ExampleAssets/Models/safetyhat_low.fbx
  artifactKey: Guid(9d0d902f71acfe646a46cb625f815a49) Importer(815301076,1909f56bfc062723c751e8b465ee728b)
Start importing Assets/ExampleAssets/Models/safetyhat_low.fbx using Guid(9d0d902f71acfe646a46cb625f815a49) Importer(815301076,1909f56bfc062723c751e8b465ee728b)  -> (artifact id: 'c4f73d74c0e532582256bb35c5f25334') in 0.023376 seconds 
  Import took 0.028247 seconds .

========================================================================
Received Import Request.
  Time since last request: 0.000219 seconds.
  path: Assets/ExampleAssets/Models/small_plane.fbx
  artifactKey: Guid(aeaee610429f51f44981e141eb2a3545) Importer(815301076,1909f56bfc062723c751e8b465ee728b)
Start importing Assets/ExampleAssets/Models/small_plane.fbx using Guid(aeaee610429f51f44981e141eb2a3545) Importer(815301076,1909f56bfc062723c751e8b465ee728b)  -> (artifact id: '7ad659852980e48b2211d16139fb25fd') in 0.021100 seconds 
  Import took 0.025702 seconds .

========================================================================
Received Import Request.
  Time since last request: 0.405694 seconds.
  path: Assets/ExampleAssets/Models/Stud.fbx
  artifactKey: Guid(34624edaccd9d704a95ed404d919b492) Importer(815301076,1909f56bfc062723c751e8b465ee728b)
Start importing Assets/ExampleAssets/Models/Stud.fbx using Guid(34624edaccd9d704a95ed404d919b492) Importer(815301076,1909f56bfc062723c751e8b465ee728b)  -> (artifact id: '5df8caa3e30a0bffe0c66ed9338dbd04') in 0.033337 seconds 
  Import took 0.038235 seconds .

========================================================================
Received Import Request.
  Time since last request: 0.000361 seconds.
  path: Assets/ExampleAssets/Models/Workbench.fbx
  artifactKey: Guid(efe9381559c516743bd05cef82f39ebb) Importer(815301076,1909f56bfc062723c751e8b465ee728b)
Start importing Assets/ExampleAssets/Models/Workbench.fbx using Guid(efe9381559c516743bd05cef82f39ebb) Importer(815301076,1909f56bfc062723c751e8b465ee728b)  -> (artifact id: '03154b2ddaa8885866b7133475fc9a25') in 0.101331 seconds 
  Import took 0.105579 seconds .

========================================================================
Received Import Request.
  Time since last request: 0.455386 seconds.
  path: Assets/ExampleAssets/Prefabs/Workbench.prefab
  artifactKey: Guid(8850d132797ff49298ba781e8e1c9bfe) Importer(815301076,1909f56bfc062723c751e8b465ee728b)
Start importing Assets/ExampleAssets/Prefabs/Workbench.prefab using Guid(8850d132797ff49298ba781e8e1c9bfe) Importer(815301076,1909f56bfc062723c751e8b465ee728b)  -> (artifact id: '35e9198af88cc8b4809ea29c4b7d29f9') in 0.024873 seconds 
  Import took 0.031174 seconds .

========================================================================
Received Import Request.
  Time since last request: 0.000289 seconds.
  path: Assets/ExampleAssets/Prefabs/Workbench_LOD0.prefab
  artifactKey: Guid(c0adcaeba3022437293536832628fdf8) Importer(815301076,1909f56bfc062723c751e8b465ee728b)
Start importing Assets/ExampleAssets/Prefabs/Workbench_LOD0.prefab using Guid(c0adcaeba3022437293536832628fdf8) Importer(815301076,1909f56bfc062723c751e8b465ee728b)  -> (artifact id: '380f439b0406ded834ee8e286e82c2e7') in 0.030944 seconds 
  Import took 0.036470 seconds .

========================================================================
Received Prepare
Registering precompiled user dll's ...
Registered in 0.003102 seconds.
Begin MonoManager ReloadAssembly
Native extension for WindowsStandalone target not found
Refreshing native plugins compatible for Editor in 0.68 ms, found 2 plugins.
Preloading 0 native plugins for Editor in 0.00 ms.
Mono: successfully reloaded assembly
- Completed reload, in  1.128 seconds
Domain Reload Profiling:
	ReloadAssembly (1129ms)
		BeginReloadAssembly (147ms)
			ExecutionOrderSort (0ms)
			DisableScriptedObjects (7ms)
			BackupInstance (0ms)
			ReleaseScriptingObjects (0ms)
			CreateAndSetChildDomain (39ms)
		EndReloadAssembly (917ms)
			LoadAssemblies (92ms)
			RebuildTransferFunctionScriptingTraits (0ms)
			SetupTypeCache (322ms)
			ReleaseScriptCaches (1ms)
			RebuildScriptCaches (45ms)
			SetupLoadedEditorAssemblies (301ms)
				LogAssemblyErrors (0ms)
				InitializePlatformSupportModulesInManaged (4ms)
				SetLoadedEditorAssemblies (0ms)
				RefreshPlugins (1ms)
				BeforeProcessingInitializeOnLoad (64ms)
				ProcessInitializeOnLoadAttributes (220ms)
				ProcessInitializeOnLoadMethodAttributes (5ms)
				AfterProcessingInitializeOnLoad (6ms)
				EditorAssembliesLoaded (0ms)
			ExecutionOrderSort2 (0ms)
			AwakeInstancesAfterBackupRestoration (17ms)
Platform modules already initialized, skipping
Refreshing native plugins compatible for Editor in 0.51 ms, found 2 plugins.
Preloading 0 native plugins for Editor in 0.00 ms.
Unloading 2601 Unused Serialized files (Serialized files now loaded: 0)
System memory in use before: 129.0 MB.
System memory in use after: 129.2 MB.

Unloading 12 unused Assets to reduce memory usage. Loaded Objects now: 3250.
Total: 4.003100 ms (FindLiveObjects: 0.261400 ms CreateObjectMapping: 0.130300 ms MarkObjects: 3.564300 ms  DeleteObjects: 0.045700 ms)

AssetImportParameters requested are different than current active one (requested -> active):
  custom:framework-win-MediaFoundation: 216162199b28c13a410421893ffa2e32 -> 
  custom:video-decoder-ogg-theora: a1e56fd34408186e4bbccfd4996cb3dc -> 
  custom:container-muxer-webm: aa71ff27fc2769a1b78a27578f13a17b -> 
  custom:container-demuxer-webm: 4f35f7cbe854078d1ac9338744f61a02 -> 
  custom:container-demuxer-ogg: 62fdf1f143b41e24485cea50d1cbac27 -> 
  custom:video-encoder-webm-vp8: eb34c28f22e8b96e1ab97ce403110664 -> 
  custom:video-decoder-webm-vp8: 9c59270c3fd7afecdb556c50c9e8de78 -> 
  custom:audio-decoder-ogg-vorbis: bf7c407c2cedff20999df2af8eb42d56 -> 
  custom:audio-encoder-webm-vorbis: bf7c407c2cedff20999df2af8eb42d56 -> 
AssetImportWorkerClient::OnTransportError - code=2 error=End of file
